<?xml version="1.0" encoding="UTF-8"?>
<!-- Generated by org.testng.reporters.JUnitXMLReporter -->
<testsuite ignored="0" hostname="DESKTOP-R93R9SP" failures="0" tests="5" name="FirefoxTest" time="0.119" errors="0" timestamp="2022-02-16T14:07:42 IST">
  <testcase classname="AmazonTest.TestNG2ApplicationHeaderAmzn" name="@BeforeTest launchBrowser" time="0.001">
    <failure type="java.lang.NullPointerException" message="Cannot invoke &amp;quot;org.openqa.selenium.WebDriver.manage()&amp;quot; because &amp;quot;this.driver&amp;quot; is null">
      <![CDATA[java.lang.NullPointerException: Cannot invoke "org.openqa.selenium.WebDriver.manage()" because "this.driver" is null
at AmazonTest.TestNG2ApplicationHeaderAmzn.launchBrowser(TestNG2ApplicationHeaderAmzn.java:53)
... Removed 24 stack frames]]>
    </failure>
  </testcase> <!-- @BeforeTest launchBrowser -->
  <testcase classname="AmazonTest.TestNG2ApplicationHeaderAmzn" name="@BeforeClass createPOMObjects" time="-1.645000662148E9">
    <skipped/>
  </testcase> <!-- @BeforeClass createPOMObjects -->
  <testcase classname="AmazonTest.TestNG2ApplicationHeaderAmzn" name="@BeforeMethod launchLoginPage" time="-1.64500066215E9">
    <skipped/>
  </testcase> <!-- @BeforeMethod launchLoginPage -->
  <testcase classname="AmazonTest.TestNG2ApplicationHeaderAmzn" name="@AfterMethod afterMethod" time="-1.645000662153E9">
    <skipped/>
  </testcase> <!-- @AfterMethod afterMethod -->
  <testcase classname="AmazonTest.TestNG2ApplicationHeaderAmzn" name="@BeforeMethod launchLoginPage" time="-1.645000662154E9">
    <skipped/>
  </testcase> <!-- @BeforeMethod launchLoginPage -->
  <testcase classname="AmazonTest.TestNG2ApplicationHeaderAmzn" name="@AfterMethod afterMethod" time="-1.645000662157E9">
    <skipped/>
  </testcase> <!-- @AfterMethod afterMethod -->
  <testcase classname="AmazonTest.TestNG2ApplicationHeaderAmzn" name="@BeforeMethod launchLoginPage" time="-1.645000662162E9">
    <skipped/>
  </testcase> <!-- @BeforeMethod launchLoginPage -->
  <testcase classname="AmazonTest.TestNG2ApplicationHeaderAmzn" name="@AfterMethod afterMethod" time="-1.645000662171E9">
    <skipped/>
  </testcase> <!-- @AfterMethod afterMethod -->
  <testcase classname="AmazonTest.TestNG2ApplicationHeaderAmzn" name="@BeforeMethod launchLoginPage" time="-1.645000662176E9">
    <skipped/>
  </testcase> <!-- @BeforeMethod launchLoginPage -->
  <testcase classname="AmazonTest.TestNG2ApplicationHeaderAmzn" name="@AfterMethod afterMethod" time="-1.645000662182E9">
    <skipped/>
  </testcase> <!-- @AfterMethod afterMethod -->
  <testcase classname="AmazonTest.TestNG2ApplicationHeaderAmzn" name="@AfterClass afterClass" time="-1.645000662185E9">
    <skipped/>
  </testcase> <!-- @AfterClass afterClass -->
  <testcase classname="AmazonTest.TestNG1LoginPageAmzn" name="@BeforeClass launchBrowser" time="-1.645000662187E9">
    <skipped/>
  </testcase> <!-- @BeforeClass launchBrowser -->
  <testcase classname="AmazonTest.TestNG1LoginPageAmzn" name="@BeforeMethod launchLoginPage" time="-1.645000662188E9">
    <skipped/>
  </testcase> <!-- @BeforeMethod launchLoginPage -->
  <testcase classname="AmazonTest.TestNG1LoginPageAmzn" name="@AfterMethod afterMethod" time="-1.645000662193E9">
    <skipped/>
  </testcase> <!-- @AfterMethod afterMethod -->
  <testcase classname="AmazonTest.TestNG1LoginPageAmzn" name="@AfterClass afterClass" time="-1.645000662195E9">
    <skipped/>
  </testcase> <!-- @AfterClass afterClass -->
  <testcase classname="AmazonTest.TestNG2ApplicationHeaderAmzn" name="@AfterTest afterTest" time="-1.645000662196E9">
    <skipped/>
  </testcase> <!-- @AfterTest afterTest -->
  <testcase classname="AmazonTest.TestNG2ApplicationHeaderAmzn" name="toVerifyAmazonPayButton" time="0.0">
    <skipped/>
  </testcase> <!-- toVerifyAmazonPayButton -->
  <testcase classname="AmazonTest.TestNG2ApplicationHeaderAmzn" name="toVerifyBuyAgainButton" time="0.0">
    <skipped/>
  </testcase> <!-- toVerifyBuyAgainButton -->
  <testcase classname="AmazonTest.TestNG2ApplicationHeaderAmzn" name="toVerifyGiftCardButton" time="0.0">
    <skipped/>
  </testcase> <!-- toVerifyGiftCardButton -->
  <testcase classname="AmazonTest.TestNG2ApplicationHeaderAmzn" name="toVerifyGrocerynGourmetFoods" time="0.0">
    <skipped/>
  </testcase> <!-- toVerifyGrocerynGourmetFoods -->
  <testcase classname="AmazonTest.TestNG1LoginPageAmzn" name="toVerifyLoginPage" time="0.0">
    <skipped/>
  </testcase> <!-- toVerifyLoginPage -->
</testsuite> <!-- FirefoxTest -->
