<?xml version="1.0" encoding="UTF-8"?>
<!-- Generated by org.testng.reporters.JUnitXMLReporter -->
<testsuite ignored="0" hostname="DESKTOP-R93R9SP" failures="1" tests="5" name="OperaTest" time="100.332" errors="0" timestamp="2022-02-18T00:29:46 IST">
  <testcase classname="AmazonTest.TestNG1LoginPageAmzn" name="@BeforeMethod launchLoginPage" time="4.522">
    <failure type="org.openqa.selenium.WebDriverException" message="unknown error: cannot determine loading status
from disconnected: received Inspector.detached event
  (Session info: chrome=98.0.4758.102)
Build info: version: &amp;apos;3.141.59&amp;apos;, revision: &amp;apos;e82be7d358&amp;apos;, time: &amp;apos;2018-11-14T08:17:03&amp;apos;
System info: host: &amp;apos;DESKTOP-R93R9SP&amp;apos;, ip: &amp;apos;192.168.0.102&amp;apos;, os.name: &amp;apos;Windows 10&amp;apos;, os.arch: &amp;apos;amd64&amp;apos;, os.version: &amp;apos;10.0&amp;apos;, java.version: &amp;apos;16.0.2&amp;apos;
Driver info: org.openqa.selenium.chrome.ChromeDriver
Capabilities {acceptInsecureCerts: false, browserName: chrome, browserVersion: 98.0.4758.102, chrome: {chromedriverVersion: 98.0.4758.80 (7f0488e8ba0d8..., userDataDir: C:\Users\VIVEKS~1\AppData\L...}, goog:chromeOptions: {debuggerAddress: localhost:59962}, javascriptEnabled: true, networkConnectionEnabled: false, pageLoadStrategy: normal, platform: WINDOWS, platformName: WINDOWS, proxy: Proxy(), setWindowRect: true, strictFileInteractability: false, timeouts: {implicit: 0, pageLoad: 300000, script: 30000}, unhandledPromptBehavior: dismiss and notify, webauthn:extension:credBlob: true, webauthn:extension:largeBlob: true, webauthn:virtualAuthenticators: true}
Session ID: 8f3cbb302e87b6a685387c28f9d3687f">
      <![CDATA[org.openqa.selenium.WebDriverException: unknown error: cannot determine loading status
from disconnected: received Inspector.detached event
  (Session info: chrome=98.0.4758.102)
Build info: version: '3.141.59', revision: 'e82be7d358', time: '2018-11-14T08:17:03'
System info: host: 'DESKTOP-R93R9SP', ip: '192.168.0.102', os.name: 'Windows 10', os.arch: 'amd64', os.version: '10.0', java.version: '16.0.2'
Driver info: org.openqa.selenium.chrome.ChromeDriver
Capabilities {acceptInsecureCerts: false, browserName: chrome, browserVersion: 98.0.4758.102, chrome: {chromedriverVersion: 98.0.4758.80 (7f0488e8ba0d8..., userDataDir: C:\Users\VIVEKS~1\AppData\L...}, goog:chromeOptions: {debuggerAddress: localhost:59962}, javascriptEnabled: true, networkConnectionEnabled: false, pageLoadStrategy: normal, platform: WINDOWS, platformName: WINDOWS, proxy: Proxy(), setWindowRect: true, strictFileInteractability: false, timeouts: {implicit: 0, pageLoad: 300000, script: 30000}, unhandledPromptBehavior: dismiss and notify, webauthn:extension:credBlob: true, webauthn:extension:largeBlob: true, webauthn:virtualAuthenticators: true}
Session ID: 8f3cbb302e87b6a685387c28f9d3687f
at org.openqa.selenium.remote.http.W3CHttpResponseCodec.createException(W3CHttpResponseCodec.java:187)
at org.openqa.selenium.remote.http.W3CHttpResponseCodec.decode(W3CHttpResponseCodec.java:122)
at org.openqa.selenium.remote.http.W3CHttpResponseCodec.decode(W3CHttpResponseCodec.java:49)
at org.openqa.selenium.remote.HttpCommandExecutor.execute(HttpCommandExecutor.java:158)
at org.openqa.selenium.remote.service.DriverCommandExecutor.execute(DriverCommandExecutor.java:83)
at org.openqa.selenium.remote.RemoteWebDriver.execute(RemoteWebDriver.java:552)
at org.openqa.selenium.remote.RemoteWebDriver.get(RemoteWebDriver.java:277)
at AmazonTest.TestNG1LoginPageAmzn.launchLoginPage(TestNG1LoginPageAmzn.java:47)
at java.base/java.util.concurrent.ThreadPoolExecutor.runWorker(ThreadPoolExecutor.java:1130)
at java.base/java.util.concurrent.ThreadPoolExecutor$Worker.run(ThreadPoolExecutor.java:630)
at java.base/java.lang.Thread.run(Thread.java:831)
... Removed 21 stack frames]]>
    </failure>
  </testcase> <!-- @BeforeMethod launchLoginPage -->
  <testcase classname="AmazonTest.TestNG1LoginPageAmzn" name="@AfterMethod afterMethod" time="-1.645124339763E9">
    <skipped/>
  </testcase> <!-- @AfterMethod afterMethod -->
  <testcase classname="AmazonTest.TestNG1LoginPageAmzn" name="@AfterClass afterClass" time="-1.645124339768E9">
    <skipped/>
  </testcase> <!-- @AfterClass afterClass -->
  <testcase classname="AmazonTest.TestNG2ApplicationHeaderAmzn" name="@AfterMethod afterMethod" time="1.028">
    <failure type="java.io.FileNotFoundException" message=" D:\SHraddha\New folder\Test101.jpg (The filename, directory name, or volume label syntax is incorrect)">
      <![CDATA[java.io.FileNotFoundException:  D:\SHraddha\New folder\Test101.jpg (The filename, directory name, or volume label syntax is incorrect)
at java.base/java.io.FileOutputStream.open0(Native Method)
at java.base/java.io.FileOutputStream.open(FileOutputStream.java:291)
at java.base/java.io.FileOutputStream.<init>(FileOutputStream.java:234)
at java.base/java.io.FileOutputStream.<init>(FileOutputStream.java:184)
at org.openqa.selenium.io.FileHandler.copyFile(FileHandler.java:138)
at org.openqa.selenium.io.FileHandler.copy(FileHandler.java:117)
at Utils.Utility.getScreenShot(Utility.java:31)
at AmazonTest.TestNG2ApplicationHeaderAmzn.afterMethod(TestNG2ApplicationHeaderAmzn.java:170)
at java.base/java.util.concurrent.ThreadPoolExecutor.runWorker(ThreadPoolExecutor.java:1130)
at java.base/java.util.concurrent.ThreadPoolExecutor$Worker.run(ThreadPoolExecutor.java:630)
at java.base/java.lang.Thread.run(Thread.java:831)
... Removed 17 stack frames]]>
    </failure>
  </testcase> <!-- @AfterMethod afterMethod -->
  <testcase classname="AmazonTest.TestNG2ApplicationHeaderAmzn" name="@BeforeMethod launchLoginPage" time="-1.645124386297E9">
    <skipped/>
  </testcase> <!-- @BeforeMethod launchLoginPage -->
  <testcase classname="AmazonTest.TestNG2ApplicationHeaderAmzn" name="@AfterMethod afterMethod" time="-1.6451243863E9">
    <skipped/>
  </testcase> <!-- @AfterMethod afterMethod -->
  <testcase classname="AmazonTest.TestNG2ApplicationHeaderAmzn" name="@BeforeMethod launchLoginPage" time="-1.645124386301E9">
    <skipped/>
  </testcase> <!-- @BeforeMethod launchLoginPage -->
  <testcase classname="AmazonTest.TestNG2ApplicationHeaderAmzn" name="@AfterMethod afterMethod" time="-1.645124386304E9">
    <skipped/>
  </testcase> <!-- @AfterMethod afterMethod -->
  <testcase classname="AmazonTest.TestNG2ApplicationHeaderAmzn" name="@BeforeMethod launchLoginPage" time="-1.645124386305E9">
    <skipped/>
  </testcase> <!-- @BeforeMethod launchLoginPage -->
  <testcase classname="AmazonTest.TestNG2ApplicationHeaderAmzn" name="@AfterMethod afterMethod" time="-1.645124386307E9">
    <skipped/>
  </testcase> <!-- @AfterMethod afterMethod -->
  <testcase classname="AmazonTest.TestNG2ApplicationHeaderAmzn" name="@AfterClass afterClass" time="-1.645124386308E9">
    <skipped/>
  </testcase> <!-- @AfterClass afterClass -->
  <testcase classname="AmazonTest.TestNG2ApplicationHeaderAmzn" name="@AfterTest afterTest" time="-1.645124386309E9">
    <skipped/>
  </testcase> <!-- @AfterTest afterTest -->
  <testcase classname="AmazonTest.TestNG1LoginPageAmzn" name="toVerifyLoginPage" time="0.0">
    <skipped/>
  </testcase> <!-- toVerifyLoginPage -->
  <testcase classname="AmazonTest.TestNG2ApplicationHeaderAmzn" name="toVerifyAmazonPayButton" time="10.086">
    <failure type="org.openqa.selenium.NoSuchElementException" message="no such element: Unable to locate element: {&amp;quot;method&amp;quot;:&amp;quot;xpath&amp;quot;,&amp;quot;selector&amp;quot;:&amp;quot; //a[text()=&amp;apos;Amazon Pay&amp;apos;] &amp;quot;}
  (Session info: chrome=97.0.4692.99)
  (Driver info: operadriver=97.0.4692.71 (adefa7837d02a07a604c1e6eff0b3a09422ab88d-refs/branch-heads/4692@{#1247}),platform=Windows NT 10.0.19043 x86_64) (WARNING: The server did not provide any stacktrace information)
Command duration or timeout: 0 milliseconds
For documentation on this error, please visit: https://www.seleniumhq.org/exceptions/no_such_element.html
Build info: version: &amp;apos;3.141.59&amp;apos;, revision: &amp;apos;e82be7d358&amp;apos;, time: &amp;apos;2018-11-14T08:17:03&amp;apos;
System info: host: &amp;apos;DESKTOP-R93R9SP&amp;apos;, ip: &amp;apos;192.168.0.102&amp;apos;, os.name: &amp;apos;Windows 10&amp;apos;, os.arch: &amp;apos;amd64&amp;apos;, os.version: &amp;apos;10.0&amp;apos;, java.version: &amp;apos;16.0.2&amp;apos;
Driver info: org.openqa.selenium.opera.OperaDriver
Capabilities {acceptInsecureCerts: false, acceptSslCerts: false, applicationCacheEnabled: false, browserConnectionEnabled: false, browserName: opera, cssSelectorsEnabled: true, databaseEnabled: false, goog:chromeOptions: {debuggerAddress: localhost:59893}, handlesAlerts: true, hasTouchScreen: false, javascriptEnabled: true, locationContextEnabled: true, mobileEmulationEnabled: false, nativeEvents: true, networkConnectionEnabled: false, opera: {operadriverVersion: 97.0.4692.71 (adefa7837d02a..., userDataDir: C:\Users\VIVEKS~1\AppData\L...}, pageLoadStrategy: normal, platform: WINDOWS, platformName: WINDOWS, proxy: Proxy(), rotatable: false, setWindowRect: true, strictFileInteractability: false, takesHeapSnapshot: true, takesScreenshot: true, timeouts: {implicit: 0, pageLoad: 300000, script: 30000}, unexpectedAlertBehaviour: ignore, unhandledPromptBehavior: ignore, version: 97.0.4692.99, webStorageEnabled: true, webauthn:extension:credBlob: true, webauthn:extension:largeBlob: true, webauthn:virtualAuthenticators: true}
Session ID: fb2356ef95f12b0d0900ac32327598b1
*** Element info: {Using=xpath, value= //a[text()=&amp;apos;Amazon Pay&amp;apos;] }">
      <![CDATA[org.openqa.selenium.NoSuchElementException: no such element: Unable to locate element: {"method":"xpath","selector":" //a[text()='Amazon Pay'] "}
  (Session info: chrome=97.0.4692.99)
  (Driver info: operadriver=97.0.4692.71 (adefa7837d02a07a604c1e6eff0b3a09422ab88d-refs/branch-heads/4692@{#1247}),platform=Windows NT 10.0.19043 x86_64) (WARNING: The server did not provide any stacktrace information)
Command duration or timeout: 0 milliseconds
For documentation on this error, please visit: https://www.seleniumhq.org/exceptions/no_such_element.html
Build info: version: '3.141.59', revision: 'e82be7d358', time: '2018-11-14T08:17:03'
System info: host: 'DESKTOP-R93R9SP', ip: '192.168.0.102', os.name: 'Windows 10', os.arch: 'amd64', os.version: '10.0', java.version: '16.0.2'
Driver info: org.openqa.selenium.opera.OperaDriver
Capabilities {acceptInsecureCerts: false, acceptSslCerts: false, applicationCacheEnabled: false, browserConnectionEnabled: false, browserName: opera, cssSelectorsEnabled: true, databaseEnabled: false, goog:chromeOptions: {debuggerAddress: localhost:59893}, handlesAlerts: true, hasTouchScreen: false, javascriptEnabled: true, locationContextEnabled: true, mobileEmulationEnabled: false, nativeEvents: true, networkConnectionEnabled: false, opera: {operadriverVersion: 97.0.4692.71 (adefa7837d02a..., userDataDir: C:\Users\VIVEKS~1\AppData\L...}, pageLoadStrategy: normal, platform: WINDOWS, platformName: WINDOWS, proxy: Proxy(), rotatable: false, setWindowRect: true, strictFileInteractability: false, takesHeapSnapshot: true, takesScreenshot: true, timeouts: {implicit: 0, pageLoad: 300000, script: 30000}, unexpectedAlertBehaviour: ignore, unhandledPromptBehavior: ignore, version: 97.0.4692.99, webStorageEnabled: true, webauthn:extension:credBlob: true, webauthn:extension:largeBlob: true, webauthn:virtualAuthenticators: true}
Session ID: fb2356ef95f12b0d0900ac32327598b1
*** Element info: {Using=xpath, value= //a[text()='Amazon Pay'] }
at org.openqa.selenium.remote.ErrorHandler.createThrowable(ErrorHandler.java:214)
at org.openqa.selenium.remote.ErrorHandler.throwIfResponseFailed(ErrorHandler.java:166)
at org.openqa.selenium.remote.http.JsonHttpResponseCodec.reconstructValue(JsonHttpResponseCodec.java:40)
at org.openqa.selenium.remote.http.AbstractHttpResponseCodec.decode(AbstractHttpResponseCodec.java:80)
at org.openqa.selenium.remote.http.AbstractHttpResponseCodec.decode(AbstractHttpResponseCodec.java:44)
at org.openqa.selenium.remote.HttpCommandExecutor.execute(HttpCommandExecutor.java:158)
at org.openqa.selenium.remote.service.DriverCommandExecutor.execute(DriverCommandExecutor.java:83)
at org.openqa.selenium.remote.RemoteWebDriver.execute(RemoteWebDriver.java:552)
at org.openqa.selenium.remote.RemoteWebDriver.findElement(RemoteWebDriver.java:323)
at org.openqa.selenium.remote.RemoteWebDriver.findElementByXPath(RemoteWebDriver.java:428)
at org.openqa.selenium.By$ByXPath.findElement(By.java:353)
at org.openqa.selenium.remote.RemoteWebDriver.findElement(RemoteWebDriver.java:315)
at org.openqa.selenium.support.pagefactory.DefaultElementLocator.findElement(DefaultElementLocator.java:69)
at org.openqa.selenium.support.pagefactory.internal.LocatingElementHandler.invoke(LocatingElementHandler.java:38)
at jdk.proxy2/jdk.proxy2.$Proxy17.click(Unknown Source)
at pom.ApplicationHeaderAmzn.openAmazonPayPage(ApplicationHeaderAmzn.java:75)
at AmazonTest.TestNG2ApplicationHeaderAmzn.toVerifyAmazonPayButton(TestNG2ApplicationHeaderAmzn.java:104)
at java.base/java.util.concurrent.ThreadPoolExecutor.runWorker(ThreadPoolExecutor.java:1130)
at java.base/java.util.concurrent.ThreadPoolExecutor$Worker.run(ThreadPoolExecutor.java:630)
at java.base/java.lang.Thread.run(Thread.java:831)
... Removed 17 stack frames]]>
    </failure>
  </testcase> <!-- toVerifyAmazonPayButton -->
  <testcase classname="AmazonTest.TestNG2ApplicationHeaderAmzn" name="toVerifyBuyAgainButton" time="0.0">
    <skipped/>
  </testcase> <!-- toVerifyBuyAgainButton -->
  <testcase classname="AmazonTest.TestNG2ApplicationHeaderAmzn" name="toVerifyGiftCardButton" time="0.0">
    <skipped/>
  </testcase> <!-- toVerifyGiftCardButton -->
  <testcase classname="AmazonTest.TestNG2ApplicationHeaderAmzn" name="toVerifyGrocerynGourmetFoods" time="0.0">
    <skipped/>
  </testcase> <!-- toVerifyGrocerynGourmetFoods -->
</testsuite> <!-- OperaTest -->
