<?xml version="1.0" encoding="UTF-8"?>
<!-- Generated by org.testng.reporters.JUnitXMLReporter -->
<testsuite ignored="0" hostname="DESKTOP-R93R9SP" failures="0" tests="4" name="Test" time="18.395" errors="0" timestamp="2022-02-16T11:04:53 IST">
  <testcase classname="AmazonTest.TestNG2ApplicationHeaderAmzn" name="@BeforeMethod launchLoginPage" time="13.657">
    <failure type="java.lang.NullPointerException" message="Cannot invoke &amp;quot;pom.ApplicationHeaderAmzn.openAllPopp()&amp;quot; because &amp;quot;this.applicationHeaderAmzn&amp;quot; is null">
      <![CDATA[java.lang.NullPointerException: Cannot invoke "pom.ApplicationHeaderAmzn.openAllPopp()" because "this.applicationHeaderAmzn" is null
at AmazonTest.TestNG2ApplicationHeaderAmzn.launchLoginPage(TestNG2ApplicationHeaderAmzn.java:65)
at java.base/java.util.ArrayList.forEach(ArrayList.java:1511)
... Removed 31 stack frames]]>
    </failure>
  </testcase> <!-- @BeforeMethod launchLoginPage -->
  <testcase classname="AmazonTest.TestNG2ApplicationHeaderAmzn" name="@AfterMethod afterMethod" time="-1.644989693512E9">
    <skipped/>
  </testcase> <!-- @AfterMethod afterMethod -->
  <testcase classname="AmazonTest.TestNG2ApplicationHeaderAmzn" name="@BeforeMethod launchLoginPage" time="-1.644989693514E9">
    <skipped/>
  </testcase> <!-- @BeforeMethod launchLoginPage -->
  <testcase classname="AmazonTest.TestNG2ApplicationHeaderAmzn" name="@AfterMethod afterMethod" time="-1.644989693517E9">
    <skipped/>
  </testcase> <!-- @AfterMethod afterMethod -->
  <testcase classname="AmazonTest.TestNG2ApplicationHeaderAmzn" name="@BeforeMethod launchLoginPage" time="-1.644989693519E9">
    <skipped/>
  </testcase> <!-- @BeforeMethod launchLoginPage -->
  <testcase classname="AmazonTest.TestNG2ApplicationHeaderAmzn" name="@AfterMethod afterMethod" time="-1.644989693523E9">
    <skipped/>
  </testcase> <!-- @AfterMethod afterMethod -->
  <testcase classname="AmazonTest.TestNG2ApplicationHeaderAmzn" name="@BeforeMethod launchLoginPage" time="-1.644989693525E9">
    <skipped/>
  </testcase> <!-- @BeforeMethod launchLoginPage -->
  <testcase classname="AmazonTest.TestNG2ApplicationHeaderAmzn" name="@AfterMethod afterMethod" time="-1.644989693528E9">
    <skipped/>
  </testcase> <!-- @AfterMethod afterMethod -->
  <testcase classname="AmazonTest.TestNG2ApplicationHeaderAmzn" name="@AfterClass afterClass" time="-1.644989693529E9">
    <skipped/>
  </testcase> <!-- @AfterClass afterClass -->
  <testcase classname="AmazonTest.TestNG2ApplicationHeaderAmzn" name="@AfterTest afterTest" time="-1.644989693532E9">
    <skipped/>
  </testcase> <!-- @AfterTest afterTest -->
  <testcase classname="AmazonTest.TestNG2ApplicationHeaderAmzn" name="toVerifyAmazonPayButton" time="0.0">
    <skipped/>
  </testcase> <!-- toVerifyAmazonPayButton -->
  <testcase classname="AmazonTest.TestNG2ApplicationHeaderAmzn" name="toVerifyBuyAgainButton" time="0.0">
    <skipped/>
  </testcase> <!-- toVerifyBuyAgainButton -->
  <testcase classname="AmazonTest.TestNG2ApplicationHeaderAmzn" name="toVerifyGiftCardButton" time="0.0">
    <skipped/>
  </testcase> <!-- toVerifyGiftCardButton -->
  <testcase classname="AmazonTest.TestNG2ApplicationHeaderAmzn" name="toVerifyGrocerynGourmetFoods" time="0.0">
    <skipped/>
  </testcase> <!-- toVerifyGrocerynGourmetFoods -->
</testsuite> <!-- Test -->
