<?xml version="1.0" encoding="UTF-8"?>
<!-- Generated by org.testng.reporters.JUnitXMLReporter -->
<testsuite ignored="0" hostname="DESKTOP-R93R9SP" failures="0" tests="4" name="Default test" time="0.072" errors="0" timestamp="2022-02-16T14:05:07 IST">
  <testcase classname="AmazonTest.TestNG2ApplicationHeaderAmzn" name="@BeforeTest launchBrowser" time="-1.645000506947E9">
    <failure type="org.testng.TestNGException" message="
Parameter &amp;apos;browser&amp;apos; is required by BeforeTest on method launchBrowser but has not been marked @Optional or defined
in C:\Users\Vivek Sawarkar\AppData\Local\Temp\testng-eclipse-895730337\testng-customsuite.xml">
      <![CDATA[org.testng.TestNGException: 
Parameter 'browser' is required by BeforeTest on method launchBrowser but has not been marked @Optional or defined
in C:\Users\Vivek Sawarkar\AppData\Local\Temp\testng-eclipse-895730337\testng-customsuite.xml
at org.testng.internal.Parameters.createParams(Parameters.java:270)
at org.testng.internal.Parameters.createParametersForMethod(Parameters.java:358)
at org.testng.internal.Parameters.createParameters(Parameters.java:700)
at org.testng.internal.Parameters.createConfigurationParameters(Parameters.java:168)
at org.testng.internal.ConfigInvoker.invokeConfigurations(ConfigInvoker.java:302)
at org.testng.TestRunner.invokeTestConfigurations(TestRunner.java:637)
at org.testng.TestRunner.beforeRun(TestRunner.java:627)
at org.testng.TestRunner.run(TestRunner.java:589)
at org.testng.SuiteRunner.runTest(SuiteRunner.java:377)
at org.testng.SuiteRunner.runSequentially(SuiteRunner.java:371)
at org.testng.SuiteRunner.privateRun(SuiteRunner.java:332)
at org.testng.SuiteRunner.run(SuiteRunner.java:276)
at org.testng.SuiteRunnerWorker.runSuite(SuiteRunnerWorker.java:53)
at org.testng.SuiteRunnerWorker.run(SuiteRunnerWorker.java:96)
at org.testng.TestNG.runSuitesSequentially(TestNG.java:1212)
at org.testng.TestNG.runSuitesLocally(TestNG.java:1134)
at org.testng.TestNG.runSuites(TestNG.java:1063)
at org.testng.TestNG.run(TestNG.java:1031)
at org.testng.remote.AbstractRemoteTestNG.run(AbstractRemoteTestNG.java:115)
at org.testng.remote.RemoteTestNG.initAndRun(RemoteTestNG.java:251)
at org.testng.remote.RemoteTestNG.main(RemoteTestNG.java:77)
]]>
    </failure>
  </testcase> <!-- @BeforeTest launchBrowser -->
  <testcase classname="AmazonTest.TestNG2ApplicationHeaderAmzn" name="@BeforeClass createPOMObjects" time="-1.645000506973E9">
    <skipped/>
  </testcase> <!-- @BeforeClass createPOMObjects -->
  <testcase classname="AmazonTest.TestNG2ApplicationHeaderAmzn" name="@BeforeMethod launchLoginPage" time="-1.645000506989E9">
    <skipped/>
  </testcase> <!-- @BeforeMethod launchLoginPage -->
  <testcase classname="AmazonTest.TestNG2ApplicationHeaderAmzn" name="@AfterMethod afterMethod" time="-1.645000506998E9">
    <skipped/>
  </testcase> <!-- @AfterMethod afterMethod -->
  <testcase classname="AmazonTest.TestNG2ApplicationHeaderAmzn" name="@BeforeMethod launchLoginPage" time="-1.645000507E9">
    <skipped/>
  </testcase> <!-- @BeforeMethod launchLoginPage -->
  <testcase classname="AmazonTest.TestNG2ApplicationHeaderAmzn" name="@AfterMethod afterMethod" time="-1.645000507003E9">
    <skipped/>
  </testcase> <!-- @AfterMethod afterMethod -->
  <testcase classname="AmazonTest.TestNG2ApplicationHeaderAmzn" name="@BeforeMethod launchLoginPage" time="-1.645000507004E9">
    <skipped/>
  </testcase> <!-- @BeforeMethod launchLoginPage -->
  <testcase classname="AmazonTest.TestNG2ApplicationHeaderAmzn" name="@AfterMethod afterMethod" time="-1.645000507006E9">
    <skipped/>
  </testcase> <!-- @AfterMethod afterMethod -->
  <testcase classname="AmazonTest.TestNG2ApplicationHeaderAmzn" name="@BeforeMethod launchLoginPage" time="-1.645000507007E9">
    <skipped/>
  </testcase> <!-- @BeforeMethod launchLoginPage -->
  <testcase classname="AmazonTest.TestNG2ApplicationHeaderAmzn" name="@AfterMethod afterMethod" time="-1.645000507009E9">
    <skipped/>
  </testcase> <!-- @AfterMethod afterMethod -->
  <testcase classname="AmazonTest.TestNG2ApplicationHeaderAmzn" name="@AfterClass afterClass" time="-1.645000507011E9">
    <skipped/>
  </testcase> <!-- @AfterClass afterClass -->
  <testcase classname="AmazonTest.TestNG2ApplicationHeaderAmzn" name="@AfterTest afterTest" time="-1.645000507013E9">
    <skipped/>
  </testcase> <!-- @AfterTest afterTest -->
  <testcase classname="AmazonTest.TestNG2ApplicationHeaderAmzn" name="toVerifyAmazonPayButton" time="0.0">
    <skipped/>
  </testcase> <!-- toVerifyAmazonPayButton -->
  <testcase classname="AmazonTest.TestNG2ApplicationHeaderAmzn" name="toVerifyBuyAgainButton" time="0.0">
    <skipped/>
  </testcase> <!-- toVerifyBuyAgainButton -->
  <testcase classname="AmazonTest.TestNG2ApplicationHeaderAmzn" name="toVerifyGiftCardButton" time="0.0">
    <skipped/>
  </testcase> <!-- toVerifyGiftCardButton -->
  <testcase classname="AmazonTest.TestNG2ApplicationHeaderAmzn" name="toVerifyGrocerynGourmetFoods" time="0.0">
    <skipped/>
  </testcase> <!-- toVerifyGrocerynGourmetFoods -->
</testsuite> <!-- Default test -->
