<!DOCTYPE html PUBLIC "-//W3C//DTD XHTML 1.1//EN" "https://www.w3.org/TR/xhtml11/DTD/xhtml11.dtd">
<html xmlns="https://www.w3.org/1999/xhtml">
<head>
<meta http-equiv="content-type" content="text/html; charset=UTF-8"/>
<title>TestNG Report</title>
<style type="text/css">table {margin-bottom:10px;border-collapse:collapse;empty-cells:show}th,td {border:1px solid #009;padding:.25em .5em}th {vertical-align:bottom}td {vertical-align:top}table a {font-weight:bold}.stripe td {background-color: #E6EBF9}.num {text-align:right}.passedodd td {background-color: #3F3}.passedeven td {background-color: #0A0}.skippedodd td {background-color: #DDD}.skippedeven td {background-color: #CCC}.failedodd td,.attn {background-color: #F33}.failedeven td,.stripe .attn {background-color: #D00}.stacktrace {white-space:pre;font-family:monospace}.totop {font-size:85%;text-align:center;border-bottom:2px solid #000}.invisible {display:none}</style>
</head>
<body>
<table>
<tr><th>Test</th><th># Passed</th><th># Skipped</th><th># Retried</th><th># Failed</th><th>Time (ms)</th><th>Included Groups</th><th>Excluded Groups</th></tr>
<tr><th colspan="8">QARegressionSuiteAmzn</th></tr>
<tr><td><a href="#t0">ChromeTest</a></td><td class="num">1</td><td class="num attn">3</td><td class="num">0</td><td class="num attn">1</td><td class="num">68,998</td><td></td><td></td></tr>
<tr class="stripe"><td><a href="#t1">OperaTest</a></td><td class="num">0</td><td class="num attn">4</td><td class="num">0</td><td class="num attn">1</td><td class="num">100,332</td><td></td><td></td></tr>
<tr><th>Total</th><th class="num">1</th><th class="num attn">7</th><th class="num">0</th><th class="num attn">2</th><th class="num">169,330</th><th colspan="2"></th></tr>
</table>
<table id='summary'><thead><tr><th>Class</th><th>Method</th><th>Start</th><th>Time (ms)</th></tr></thead><tbody><tr><th colspan="4">QARegressionSuiteAmzn</th></tr></tbody><tbody id="t0"><tr><th colspan="4">ChromeTest &#8212; failed (configuration methods)</th></tr><tr class="failedeven"><td rowspan="1">AmazonTest.TestNG2ApplicationHeaderAmzn</td><td><a href="#m0">afterMethod</a></td><td rowspan="1">1645124285558</td><td rowspan="1">286</td></tr><tr><th colspan="4">ChromeTest &#8212; failed</th></tr><tr class="failedeven"><td rowspan="1">AmazonTest.TestNG2ApplicationHeaderAmzn</td><td><a href="#m1">toVerifyAmazonPayButton</a></td><td rowspan="1">1645124272261</td><td rowspan="1">13295</td></tr><tr><th colspan="4">ChromeTest &#8212; skipped (configuration methods)</th></tr><tr class="skippedeven"><td rowspan="8">AmazonTest.TestNG2ApplicationHeaderAmzn</td><td><a href="#m2">afterClass</a></td><td rowspan="1">1645124285859</td><td rowspan="1">-1645124285859</td></tr><tr class="skippedeven"><td><a href="#m3">afterMethod</a></td><td rowspan="3">1645124285849</td><td rowspan="3">-1645124285849</td></tr><tr class="skippedeven"><td><a href="#m4">afterMethod</a></td></tr><tr class="skippedeven"><td><a href="#m5">afterMethod</a></td></tr><tr class="skippedeven"><td><a href="#m6">afterTest</a></td><td rowspan="1">1645124285860</td><td rowspan="1">-1645124285860</td></tr><tr class="skippedeven"><td><a href="#m7">launchLoginPage</a></td><td rowspan="3">1645124285850</td><td rowspan="3">-1645124285850</td></tr><tr class="skippedeven"><td><a href="#m8">launchLoginPage</a></td></tr><tr class="skippedeven"><td><a href="#m9">launchLoginPage</a></td></tr><tr><th colspan="4">ChromeTest &#8212; skipped</th></tr><tr class="skippedeven"><td rowspan="3">AmazonTest.TestNG2ApplicationHeaderAmzn</td><td><a href="#m10">toVerifyBuyAgainButton</a></td><td rowspan="1">1645124285848</td><td rowspan="1">0</td></tr><tr class="skippedeven"><td><a href="#m11">toVerifyGiftCardButton</a></td><td rowspan="1">1645124285851</td><td rowspan="1">0</td></tr><tr class="skippedeven"><td><a href="#m12">toVerifyGrocerynGourmetFoods</a></td><td rowspan="1">1645124285855</td><td rowspan="1">0</td></tr><tr><th colspan="4">ChromeTest &#8212; passed</th></tr><tr class="passedeven"><td rowspan="1">AmazonTest.TestNG1LoginPageAmzn</td><td><a href="#m13">toVerifyLoginPage</a></td><td rowspan="1">1645124255516</td><td rowspan="1">273</td></tr></tbody>
<tbody id="t1"><tr><th colspan="4">OperaTest &#8212; failed (configuration methods)</th></tr><tr class="failedeven"><td rowspan="1">AmazonTest.TestNG1LoginPageAmzn</td><td><a href="#m14">launchLoginPage</a></td><td rowspan="1">1645124335219</td><td rowspan="1">4522</td></tr><tr class="failedodd"><td rowspan="1">AmazonTest.TestNG2ApplicationHeaderAmzn</td><td><a href="#m15">afterMethod</a></td><td rowspan="1">1645124385268</td><td rowspan="1">1028</td></tr><tr><th colspan="4">OperaTest &#8212; failed</th></tr><tr class="failedeven"><td rowspan="1">AmazonTest.TestNG2ApplicationHeaderAmzn</td><td><a href="#m16">toVerifyAmazonPayButton</a></td><td rowspan="1">1645124375181</td><td rowspan="1">10086</td></tr><tr><th colspan="4">OperaTest &#8212; skipped (configuration methods)</th></tr><tr class="skippedeven"><td rowspan="2">AmazonTest.TestNG1LoginPageAmzn</td><td><a href="#m17">afterClass</a></td><td rowspan="1">1645124339768</td><td rowspan="1">-1645124339768</td></tr><tr class="skippedeven"><td><a href="#m18">afterMethod</a></td><td rowspan="1">1645124339763</td><td rowspan="1">-1645124339763</td></tr><tr class="skippedodd"><td rowspan="8">AmazonTest.TestNG2ApplicationHeaderAmzn</td><td><a href="#m19">afterClass</a></td><td rowspan="1">1645124386308</td><td rowspan="1">-1645124386308</td></tr><tr class="skippedodd"><td><a href="#m20">afterMethod</a></td><td rowspan="3">1645124386300</td><td rowspan="3">-1645124386300</td></tr><tr class="skippedodd"><td><a href="#m21">afterMethod</a></td></tr><tr class="skippedodd"><td><a href="#m22">afterMethod</a></td></tr><tr class="skippedodd"><td><a href="#m23">afterTest</a></td><td rowspan="1">1645124386309</td><td rowspan="1">-1645124386309</td></tr><tr class="skippedodd"><td><a href="#m24">launchLoginPage</a></td><td rowspan="3">1645124386305</td><td rowspan="3">-1645124386305</td></tr><tr class="skippedodd"><td><a href="#m25">launchLoginPage</a></td></tr><tr class="skippedodd"><td><a href="#m26">launchLoginPage</a></td></tr><tr><th colspan="4">OperaTest &#8212; skipped</th></tr><tr class="skippedeven"><td rowspan="1">AmazonTest.TestNG1LoginPageAmzn</td><td><a href="#m27">toVerifyLoginPage</a></td><td rowspan="1">1645124339757</td><td rowspan="1">0</td></tr><tr class="skippedodd"><td rowspan="3">AmazonTest.TestNG2ApplicationHeaderAmzn</td><td><a href="#m28">toVerifyBuyAgainButton</a></td><td rowspan="1">1645124386298</td><td rowspan="1">0</td></tr><tr class="skippedodd"><td><a href="#m29">toVerifyGiftCardButton</a></td><td rowspan="1">1645124386302</td><td rowspan="1">0</td></tr><tr class="skippedodd"><td><a href="#m30">toVerifyGrocerynGourmetFoods</a></td><td rowspan="1">1645124386306</td><td rowspan="1">0</td></tr></tbody>
</table>
<h2>ChromeTest</h2><h3 id="m0">AmazonTest.TestNG2ApplicationHeaderAmzn#afterMethod</h3><table class="result"><tr class="param"><th>Parameter #1</th></tr><tr class="param stripe"><td>[TestResult name=toVerifyAmazonPayButton status=FAILURE method=TestNG2ApplicationHeaderAmzn.toVerifyAmazonPayButton()[pri:0, instance:AmazonTest.TestNG2ApplicationHeaderAmzn@1cbbffcd] output={null}]</td></tr><tr><th>Exception</th></tr><tr><td><div class="stacktrace">java.io.FileNotFoundException:  D:\SHraddha\New folder\Test101.jpg (The filename, directory name, or volume label syntax is incorrect)
	at java.base/java.io.FileOutputStream.open0(Native Method)
	at java.base/java.io.FileOutputStream.open(FileOutputStream.java:291)
	at java.base/java.io.FileOutputStream.&lt;init&gt;(FileOutputStream.java:234)
	at java.base/java.io.FileOutputStream.&lt;init&gt;(FileOutputStream.java:184)
	at org.openqa.selenium.io.FileHandler.copyFile(FileHandler.java:138)
	at org.openqa.selenium.io.FileHandler.copy(FileHandler.java:117)
	at Utils.Utility.getScreenShot(Utility.java:31)
	at AmazonTest.TestNG2ApplicationHeaderAmzn.afterMethod(TestNG2ApplicationHeaderAmzn.java:170)
	at java.base/java.util.concurrent.ThreadPoolExecutor.runWorker(ThreadPoolExecutor.java:1130)
	at java.base/java.util.concurrent.ThreadPoolExecutor$Worker.run(ThreadPoolExecutor.java:630)
	at java.base/java.lang.Thread.run(Thread.java:831)
... Removed 17 stack frames</div></td></tr></table><p class="totop"><a href="#summary">back to summary</a></p>
<h3 id="m1">AmazonTest.TestNG2ApplicationHeaderAmzn#toVerifyAmazonPayButton</h3><table class="result"><tr><th>Exception</th></tr><tr><td><div class="stacktrace">org.openqa.selenium.NoSuchElementException: no such element: Unable to locate element: {&quot;method&quot;:&quot;xpath&quot;,&quot;selector&quot;:&quot; //a[text()=&apos;Amazon Pay&apos;] &quot;}
  (Session info: chrome=98.0.4758.102)
For documentation on this error, please visit: https://www.seleniumhq.org/exceptions/no_such_element.html
Build info: version: &apos;3.141.59&apos;, revision: &apos;e82be7d358&apos;, time: &apos;2018-11-14T08:17:03&apos;
System info: host: &apos;DESKTOP-R93R9SP&apos;, ip: &apos;192.168.0.102&apos;, os.name: &apos;Windows 10&apos;, os.arch: &apos;amd64&apos;, os.version: &apos;10.0&apos;, java.version: &apos;16.0.2&apos;
Driver info: org.openqa.selenium.chrome.ChromeDriver
Capabilities {acceptInsecureCerts: false, browserName: chrome, browserVersion: 98.0.4758.102, chrome: {chromedriverVersion: 98.0.4758.80 (7f0488e8ba0d8..., userDataDir: C:\Users\VIVEKS~1\AppData\L...}, goog:chromeOptions: {debuggerAddress: localhost:59629}, javascriptEnabled: true, networkConnectionEnabled: false, pageLoadStrategy: normal, platform: WINDOWS, platformName: WINDOWS, proxy: Proxy(), setWindowRect: true, strictFileInteractability: false, timeouts: {implicit: 0, pageLoad: 300000, script: 30000}, unhandledPromptBehavior: dismiss and notify, webauthn:extension:credBlob: true, webauthn:extension:largeBlob: true, webauthn:virtualAuthenticators: true}
Session ID: 531d2c5fc02a8404f7976a4e9c040f4d
*** Element info: {Using=xpath, value= //a[text()=&apos;Amazon Pay&apos;] }
	at org.openqa.selenium.remote.http.W3CHttpResponseCodec.createException(W3CHttpResponseCodec.java:187)
	at org.openqa.selenium.remote.http.W3CHttpResponseCodec.decode(W3CHttpResponseCodec.java:122)
	at org.openqa.selenium.remote.http.W3CHttpResponseCodec.decode(W3CHttpResponseCodec.java:49)
	at org.openqa.selenium.remote.HttpCommandExecutor.execute(HttpCommandExecutor.java:158)
	at org.openqa.selenium.remote.service.DriverCommandExecutor.execute(DriverCommandExecutor.java:83)
	at org.openqa.selenium.remote.RemoteWebDriver.execute(RemoteWebDriver.java:552)
	at org.openqa.selenium.remote.RemoteWebDriver.findElement(RemoteWebDriver.java:323)
	at org.openqa.selenium.remote.RemoteWebDriver.findElementByXPath(RemoteWebDriver.java:428)
	at org.openqa.selenium.By$ByXPath.findElement(By.java:353)
	at org.openqa.selenium.remote.RemoteWebDriver.findElement(RemoteWebDriver.java:315)
	at org.openqa.selenium.support.pagefactory.DefaultElementLocator.findElement(DefaultElementLocator.java:69)
	at org.openqa.selenium.support.pagefactory.internal.LocatingElementHandler.invoke(LocatingElementHandler.java:38)
	at jdk.proxy2/jdk.proxy2.$Proxy17.click(Unknown Source)
	at pom.ApplicationHeaderAmzn.openAmazonPayPage(ApplicationHeaderAmzn.java:75)
	at AmazonTest.TestNG2ApplicationHeaderAmzn.toVerifyAmazonPayButton(TestNG2ApplicationHeaderAmzn.java:104)
	at java.base/java.util.concurrent.ThreadPoolExecutor.runWorker(ThreadPoolExecutor.java:1130)
	at java.base/java.util.concurrent.ThreadPoolExecutor$Worker.run(ThreadPoolExecutor.java:630)
	at java.base/java.lang.Thread.run(Thread.java:831)
... Removed 17 stack frames</div></td></tr></table><p class="totop"><a href="#summary">back to summary</a></p>
<h3 id="m2">AmazonTest.TestNG2ApplicationHeaderAmzn#afterClass</h3><table class="result"><tr><th class="invisible"/></tr></table><p class="totop"><a href="#summary">back to summary</a></p>
<h3 id="m3">AmazonTest.TestNG2ApplicationHeaderAmzn#afterMethod</h3><table class="result"><tr><th class="invisible"/></tr></table><p class="totop"><a href="#summary">back to summary</a></p>
<h3 id="m4">AmazonTest.TestNG2ApplicationHeaderAmzn#afterMethod</h3><table class="result"><tr><th class="invisible"/></tr></table><p class="totop"><a href="#summary">back to summary</a></p>
<h3 id="m5">AmazonTest.TestNG2ApplicationHeaderAmzn#afterMethod</h3><table class="result"><tr><th class="invisible"/></tr></table><p class="totop"><a href="#summary">back to summary</a></p>
<h3 id="m6">AmazonTest.TestNG2ApplicationHeaderAmzn#afterTest</h3><table class="result"><tr><th class="invisible"/></tr></table><p class="totop"><a href="#summary">back to summary</a></p>
<h3 id="m7">AmazonTest.TestNG2ApplicationHeaderAmzn#launchLoginPage</h3><table class="result"><tr><th class="invisible"/></tr></table><p class="totop"><a href="#summary">back to summary</a></p>
<h3 id="m8">AmazonTest.TestNG2ApplicationHeaderAmzn#launchLoginPage</h3><table class="result"><tr><th class="invisible"/></tr></table><p class="totop"><a href="#summary">back to summary</a></p>
<h3 id="m9">AmazonTest.TestNG2ApplicationHeaderAmzn#launchLoginPage</h3><table class="result"><tr><th class="invisible"/></tr></table><p class="totop"><a href="#summary">back to summary</a></p>
<h3 id="m10">AmazonTest.TestNG2ApplicationHeaderAmzn#toVerifyBuyAgainButton</h3><table class="result"><tr><th>Exception</th></tr><tr><td><div class="stacktrace">java.io.FileNotFoundException:  D:\SHraddha\New folder\Test101.jpg (The filename, directory name, or volume label syntax is incorrect)
	at java.base/java.io.FileOutputStream.open0(Native Method)
	at java.base/java.io.FileOutputStream.open(FileOutputStream.java:291)
	at java.base/java.io.FileOutputStream.&lt;init&gt;(FileOutputStream.java:234)
	at java.base/java.io.FileOutputStream.&lt;init&gt;(FileOutputStream.java:184)
	at org.openqa.selenium.io.FileHandler.copyFile(FileHandler.java:138)
	at org.openqa.selenium.io.FileHandler.copy(FileHandler.java:117)
	at Utils.Utility.getScreenShot(Utility.java:31)
	at AmazonTest.TestNG2ApplicationHeaderAmzn.afterMethod(TestNG2ApplicationHeaderAmzn.java:170)
	at java.base/java.util.concurrent.ThreadPoolExecutor.runWorker(ThreadPoolExecutor.java:1130)
	at java.base/java.util.concurrent.ThreadPoolExecutor$Worker.run(ThreadPoolExecutor.java:630)
	at java.base/java.lang.Thread.run(Thread.java:831)
... Removed 17 stack frames</div></td></tr></table><p class="totop"><a href="#summary">back to summary</a></p>
<h3 id="m11">AmazonTest.TestNG2ApplicationHeaderAmzn#toVerifyGiftCardButton</h3><table class="result"><tr><th>Exception</th></tr><tr><td><div class="stacktrace">java.io.FileNotFoundException:  D:\SHraddha\New folder\Test101.jpg (The filename, directory name, or volume label syntax is incorrect)
	at java.base/java.io.FileOutputStream.open0(Native Method)
	at java.base/java.io.FileOutputStream.open(FileOutputStream.java:291)
	at java.base/java.io.FileOutputStream.&lt;init&gt;(FileOutputStream.java:234)
	at java.base/java.io.FileOutputStream.&lt;init&gt;(FileOutputStream.java:184)
	at org.openqa.selenium.io.FileHandler.copyFile(FileHandler.java:138)
	at org.openqa.selenium.io.FileHandler.copy(FileHandler.java:117)
	at Utils.Utility.getScreenShot(Utility.java:31)
	at AmazonTest.TestNG2ApplicationHeaderAmzn.afterMethod(TestNG2ApplicationHeaderAmzn.java:170)
	at java.base/java.util.concurrent.ThreadPoolExecutor.runWorker(ThreadPoolExecutor.java:1130)
	at java.base/java.util.concurrent.ThreadPoolExecutor$Worker.run(ThreadPoolExecutor.java:630)
	at java.base/java.lang.Thread.run(Thread.java:831)
... Removed 17 stack frames</div></td></tr></table><p class="totop"><a href="#summary">back to summary</a></p>
<h3 id="m12">AmazonTest.TestNG2ApplicationHeaderAmzn#toVerifyGrocerynGourmetFoods</h3><table class="result"><tr><th>Exception</th></tr><tr><td><div class="stacktrace">java.io.FileNotFoundException:  D:\SHraddha\New folder\Test101.jpg (The filename, directory name, or volume label syntax is incorrect)
	at java.base/java.io.FileOutputStream.open0(Native Method)
	at java.base/java.io.FileOutputStream.open(FileOutputStream.java:291)
	at java.base/java.io.FileOutputStream.&lt;init&gt;(FileOutputStream.java:234)
	at java.base/java.io.FileOutputStream.&lt;init&gt;(FileOutputStream.java:184)
	at org.openqa.selenium.io.FileHandler.copyFile(FileHandler.java:138)
	at org.openqa.selenium.io.FileHandler.copy(FileHandler.java:117)
	at Utils.Utility.getScreenShot(Utility.java:31)
	at AmazonTest.TestNG2ApplicationHeaderAmzn.afterMethod(TestNG2ApplicationHeaderAmzn.java:170)
	at java.base/java.util.concurrent.ThreadPoolExecutor.runWorker(ThreadPoolExecutor.java:1130)
	at java.base/java.util.concurrent.ThreadPoolExecutor$Worker.run(ThreadPoolExecutor.java:630)
	at java.base/java.lang.Thread.run(Thread.java:831)
... Removed 17 stack frames</div></td></tr></table><p class="totop"><a href="#summary">back to summary</a></p>
<h3 id="m13">AmazonTest.TestNG1LoginPageAmzn#toVerifyLoginPage</h3><table class="result"><tr><th class="invisible"/></tr></table><p class="totop"><a href="#summary">back to summary</a></p>
<h2>OperaTest</h2><h3 id="m14">AmazonTest.TestNG1LoginPageAmzn#launchLoginPage</h3><table class="result"><tr><th>Exception</th></tr><tr><td><div class="stacktrace">org.openqa.selenium.WebDriverException: unknown error: cannot determine loading status
from disconnected: received Inspector.detached event
  (Session info: chrome=98.0.4758.102)
Build info: version: &apos;3.141.59&apos;, revision: &apos;e82be7d358&apos;, time: &apos;2018-11-14T08:17:03&apos;
System info: host: &apos;DESKTOP-R93R9SP&apos;, ip: &apos;192.168.0.102&apos;, os.name: &apos;Windows 10&apos;, os.arch: &apos;amd64&apos;, os.version: &apos;10.0&apos;, java.version: &apos;16.0.2&apos;
Driver info: org.openqa.selenium.chrome.ChromeDriver
Capabilities {acceptInsecureCerts: false, browserName: chrome, browserVersion: 98.0.4758.102, chrome: {chromedriverVersion: 98.0.4758.80 (7f0488e8ba0d8..., userDataDir: C:\Users\VIVEKS~1\AppData\L...}, goog:chromeOptions: {debuggerAddress: localhost:59962}, javascriptEnabled: true, networkConnectionEnabled: false, pageLoadStrategy: normal, platform: WINDOWS, platformName: WINDOWS, proxy: Proxy(), setWindowRect: true, strictFileInteractability: false, timeouts: {implicit: 0, pageLoad: 300000, script: 30000}, unhandledPromptBehavior: dismiss and notify, webauthn:extension:credBlob: true, webauthn:extension:largeBlob: true, webauthn:virtualAuthenticators: true}
Session ID: 8f3cbb302e87b6a685387c28f9d3687f
	at org.openqa.selenium.remote.http.W3CHttpResponseCodec.createException(W3CHttpResponseCodec.java:187)
	at org.openqa.selenium.remote.http.W3CHttpResponseCodec.decode(W3CHttpResponseCodec.java:122)
	at org.openqa.selenium.remote.http.W3CHttpResponseCodec.decode(W3CHttpResponseCodec.java:49)
	at org.openqa.selenium.remote.HttpCommandExecutor.execute(HttpCommandExecutor.java:158)
	at org.openqa.selenium.remote.service.DriverCommandExecutor.execute(DriverCommandExecutor.java:83)
	at org.openqa.selenium.remote.RemoteWebDriver.execute(RemoteWebDriver.java:552)
	at org.openqa.selenium.remote.RemoteWebDriver.get(RemoteWebDriver.java:277)
	at AmazonTest.TestNG1LoginPageAmzn.launchLoginPage(TestNG1LoginPageAmzn.java:47)
	at java.base/java.util.concurrent.ThreadPoolExecutor.runWorker(ThreadPoolExecutor.java:1130)
	at java.base/java.util.concurrent.ThreadPoolExecutor$Worker.run(ThreadPoolExecutor.java:630)
	at java.base/java.lang.Thread.run(Thread.java:831)
... Removed 21 stack frames</div></td></tr></table><p class="totop"><a href="#summary">back to summary</a></p>
<h3 id="m15">AmazonTest.TestNG2ApplicationHeaderAmzn#afterMethod</h3><table class="result"><tr class="param"><th>Parameter #1</th></tr><tr class="param stripe"><td>[TestResult name=toVerifyAmazonPayButton status=FAILURE method=TestNG2ApplicationHeaderAmzn.toVerifyAmazonPayButton()[pri:0, instance:AmazonTest.TestNG2ApplicationHeaderAmzn@44ebcd03] output={null}]</td></tr><tr><th>Exception</th></tr><tr><td><div class="stacktrace">java.io.FileNotFoundException:  D:\SHraddha\New folder\Test101.jpg (The filename, directory name, or volume label syntax is incorrect)
	at java.base/java.io.FileOutputStream.open0(Native Method)
	at java.base/java.io.FileOutputStream.open(FileOutputStream.java:291)
	at java.base/java.io.FileOutputStream.&lt;init&gt;(FileOutputStream.java:234)
	at java.base/java.io.FileOutputStream.&lt;init&gt;(FileOutputStream.java:184)
	at org.openqa.selenium.io.FileHandler.copyFile(FileHandler.java:138)
	at org.openqa.selenium.io.FileHandler.copy(FileHandler.java:117)
	at Utils.Utility.getScreenShot(Utility.java:31)
	at AmazonTest.TestNG2ApplicationHeaderAmzn.afterMethod(TestNG2ApplicationHeaderAmzn.java:170)
	at java.base/java.util.concurrent.ThreadPoolExecutor.runWorker(ThreadPoolExecutor.java:1130)
	at java.base/java.util.concurrent.ThreadPoolExecutor$Worker.run(ThreadPoolExecutor.java:630)
	at java.base/java.lang.Thread.run(Thread.java:831)
... Removed 17 stack frames</div></td></tr></table><p class="totop"><a href="#summary">back to summary</a></p>
<h3 id="m16">AmazonTest.TestNG2ApplicationHeaderAmzn#toVerifyAmazonPayButton</h3><table class="result"><tr><th>Exception</th></tr><tr><td><div class="stacktrace">org.openqa.selenium.NoSuchElementException: no such element: Unable to locate element: {&quot;method&quot;:&quot;xpath&quot;,&quot;selector&quot;:&quot; //a[text()=&apos;Amazon Pay&apos;] &quot;}
  (Session info: chrome=97.0.4692.99)
  (Driver info: operadriver=97.0.4692.71 (adefa7837d02a07a604c1e6eff0b3a09422ab88d-refs/branch-heads/4692@{#1247}),platform=Windows NT 10.0.19043 x86_64) (WARNING: The server did not provide any stacktrace information)
Command duration or timeout: 0 milliseconds
For documentation on this error, please visit: https://www.seleniumhq.org/exceptions/no_such_element.html
Build info: version: &apos;3.141.59&apos;, revision: &apos;e82be7d358&apos;, time: &apos;2018-11-14T08:17:03&apos;
System info: host: &apos;DESKTOP-R93R9SP&apos;, ip: &apos;192.168.0.102&apos;, os.name: &apos;Windows 10&apos;, os.arch: &apos;amd64&apos;, os.version: &apos;10.0&apos;, java.version: &apos;16.0.2&apos;
Driver info: org.openqa.selenium.opera.OperaDriver
Capabilities {acceptInsecureCerts: false, acceptSslCerts: false, applicationCacheEnabled: false, browserConnectionEnabled: false, browserName: opera, cssSelectorsEnabled: true, databaseEnabled: false, goog:chromeOptions: {debuggerAddress: localhost:59893}, handlesAlerts: true, hasTouchScreen: false, javascriptEnabled: true, locationContextEnabled: true, mobileEmulationEnabled: false, nativeEvents: true, networkConnectionEnabled: false, opera: {operadriverVersion: 97.0.4692.71 (adefa7837d02a..., userDataDir: C:\Users\VIVEKS~1\AppData\L...}, pageLoadStrategy: normal, platform: WINDOWS, platformName: WINDOWS, proxy: Proxy(), rotatable: false, setWindowRect: true, strictFileInteractability: false, takesHeapSnapshot: true, takesScreenshot: true, timeouts: {implicit: 0, pageLoad: 300000, script: 30000}, unexpectedAlertBehaviour: ignore, unhandledPromptBehavior: ignore, version: 97.0.4692.99, webStorageEnabled: true, webauthn:extension:credBlob: true, webauthn:extension:largeBlob: true, webauthn:virtualAuthenticators: true}
Session ID: fb2356ef95f12b0d0900ac32327598b1
*** Element info: {Using=xpath, value= //a[text()=&apos;Amazon Pay&apos;] }
	at org.openqa.selenium.remote.ErrorHandler.createThrowable(ErrorHandler.java:214)
	at org.openqa.selenium.remote.ErrorHandler.throwIfResponseFailed(ErrorHandler.java:166)
	at org.openqa.selenium.remote.http.JsonHttpResponseCodec.reconstructValue(JsonHttpResponseCodec.java:40)
	at org.openqa.selenium.remote.http.AbstractHttpResponseCodec.decode(AbstractHttpResponseCodec.java:80)
	at org.openqa.selenium.remote.http.AbstractHttpResponseCodec.decode(AbstractHttpResponseCodec.java:44)
	at org.openqa.selenium.remote.HttpCommandExecutor.execute(HttpCommandExecutor.java:158)
	at org.openqa.selenium.remote.service.DriverCommandExecutor.execute(DriverCommandExecutor.java:83)
	at org.openqa.selenium.remote.RemoteWebDriver.execute(RemoteWebDriver.java:552)
	at org.openqa.selenium.remote.RemoteWebDriver.findElement(RemoteWebDriver.java:323)
	at org.openqa.selenium.remote.RemoteWebDriver.findElementByXPath(RemoteWebDriver.java:428)
	at org.openqa.selenium.By$ByXPath.findElement(By.java:353)
	at org.openqa.selenium.remote.RemoteWebDriver.findElement(RemoteWebDriver.java:315)
	at org.openqa.selenium.support.pagefactory.DefaultElementLocator.findElement(DefaultElementLocator.java:69)
	at org.openqa.selenium.support.pagefactory.internal.LocatingElementHandler.invoke(LocatingElementHandler.java:38)
	at jdk.proxy2/jdk.proxy2.$Proxy17.click(Unknown Source)
	at pom.ApplicationHeaderAmzn.openAmazonPayPage(ApplicationHeaderAmzn.java:75)
	at AmazonTest.TestNG2ApplicationHeaderAmzn.toVerifyAmazonPayButton(TestNG2ApplicationHeaderAmzn.java:104)
	at java.base/java.util.concurrent.ThreadPoolExecutor.runWorker(ThreadPoolExecutor.java:1130)
	at java.base/java.util.concurrent.ThreadPoolExecutor$Worker.run(ThreadPoolExecutor.java:630)
	at java.base/java.lang.Thread.run(Thread.java:831)
... Removed 17 stack frames</div></td></tr></table><p class="totop"><a href="#summary">back to summary</a></p>
<h3 id="m17">AmazonTest.TestNG1LoginPageAmzn#afterClass</h3><table class="result"><tr><th class="invisible"/></tr></table><p class="totop"><a href="#summary">back to summary</a></p>
<h3 id="m18">AmazonTest.TestNG1LoginPageAmzn#afterMethod</h3><table class="result"><tr><th class="invisible"/></tr></table><p class="totop"><a href="#summary">back to summary</a></p>
<h3 id="m19">AmazonTest.TestNG2ApplicationHeaderAmzn#afterClass</h3><table class="result"><tr><th class="invisible"/></tr></table><p class="totop"><a href="#summary">back to summary</a></p>
<h3 id="m20">AmazonTest.TestNG2ApplicationHeaderAmzn#afterMethod</h3><table class="result"><tr><th class="invisible"/></tr></table><p class="totop"><a href="#summary">back to summary</a></p>
<h3 id="m21">AmazonTest.TestNG2ApplicationHeaderAmzn#afterMethod</h3><table class="result"><tr><th class="invisible"/></tr></table><p class="totop"><a href="#summary">back to summary</a></p>
<h3 id="m22">AmazonTest.TestNG2ApplicationHeaderAmzn#afterMethod</h3><table class="result"><tr><th class="invisible"/></tr></table><p class="totop"><a href="#summary">back to summary</a></p>
<h3 id="m23">AmazonTest.TestNG2ApplicationHeaderAmzn#afterTest</h3><table class="result"><tr><th class="invisible"/></tr></table><p class="totop"><a href="#summary">back to summary</a></p>
<h3 id="m24">AmazonTest.TestNG2ApplicationHeaderAmzn#launchLoginPage</h3><table class="result"><tr><th class="invisible"/></tr></table><p class="totop"><a href="#summary">back to summary</a></p>
<h3 id="m25">AmazonTest.TestNG2ApplicationHeaderAmzn#launchLoginPage</h3><table class="result"><tr><th class="invisible"/></tr></table><p class="totop"><a href="#summary">back to summary</a></p>
<h3 id="m26">AmazonTest.TestNG2ApplicationHeaderAmzn#launchLoginPage</h3><table class="result"><tr><th class="invisible"/></tr></table><p class="totop"><a href="#summary">back to summary</a></p>
<h3 id="m27">AmazonTest.TestNG1LoginPageAmzn#toVerifyLoginPage</h3><table class="result"><tr><th>Exception</th></tr><tr><td><div class="stacktrace">org.openqa.selenium.WebDriverException: unknown error: cannot determine loading status
from disconnected: received Inspector.detached event
  (Session info: chrome=98.0.4758.102)
Build info: version: &apos;3.141.59&apos;, revision: &apos;e82be7d358&apos;, time: &apos;2018-11-14T08:17:03&apos;
System info: host: &apos;DESKTOP-R93R9SP&apos;, ip: &apos;192.168.0.102&apos;, os.name: &apos;Windows 10&apos;, os.arch: &apos;amd64&apos;, os.version: &apos;10.0&apos;, java.version: &apos;16.0.2&apos;
Driver info: org.openqa.selenium.chrome.ChromeDriver
Capabilities {acceptInsecureCerts: false, browserName: chrome, browserVersion: 98.0.4758.102, chrome: {chromedriverVersion: 98.0.4758.80 (7f0488e8ba0d8..., userDataDir: C:\Users\VIVEKS~1\AppData\L...}, goog:chromeOptions: {debuggerAddress: localhost:59962}, javascriptEnabled: true, networkConnectionEnabled: false, pageLoadStrategy: normal, platform: WINDOWS, platformName: WINDOWS, proxy: Proxy(), setWindowRect: true, strictFileInteractability: false, timeouts: {implicit: 0, pageLoad: 300000, script: 30000}, unhandledPromptBehavior: dismiss and notify, webauthn:extension:credBlob: true, webauthn:extension:largeBlob: true, webauthn:virtualAuthenticators: true}
Session ID: 8f3cbb302e87b6a685387c28f9d3687f
	at org.openqa.selenium.remote.http.W3CHttpResponseCodec.createException(W3CHttpResponseCodec.java:187)
	at org.openqa.selenium.remote.http.W3CHttpResponseCodec.decode(W3CHttpResponseCodec.java:122)
	at org.openqa.selenium.remote.http.W3CHttpResponseCodec.decode(W3CHttpResponseCodec.java:49)
	at org.openqa.selenium.remote.HttpCommandExecutor.execute(HttpCommandExecutor.java:158)
	at org.openqa.selenium.remote.service.DriverCommandExecutor.execute(DriverCommandExecutor.java:83)
	at org.openqa.selenium.remote.RemoteWebDriver.execute(RemoteWebDriver.java:552)
	at org.openqa.selenium.remote.RemoteWebDriver.get(RemoteWebDriver.java:277)
	at AmazonTest.TestNG1LoginPageAmzn.launchLoginPage(TestNG1LoginPageAmzn.java:47)
	at java.base/java.util.concurrent.ThreadPoolExecutor.runWorker(ThreadPoolExecutor.java:1130)
	at java.base/java.util.concurrent.ThreadPoolExecutor$Worker.run(ThreadPoolExecutor.java:630)
	at java.base/java.lang.Thread.run(Thread.java:831)
... Removed 21 stack frames</div></td></tr></table><p class="totop"><a href="#summary">back to summary</a></p>
<h3 id="m28">AmazonTest.TestNG2ApplicationHeaderAmzn#toVerifyBuyAgainButton</h3><table class="result"><tr><th>Exception</th></tr><tr><td><div class="stacktrace">java.io.FileNotFoundException:  D:\SHraddha\New folder\Test101.jpg (The filename, directory name, or volume label syntax is incorrect)
	at java.base/java.io.FileOutputStream.open0(Native Method)
	at java.base/java.io.FileOutputStream.open(FileOutputStream.java:291)
	at java.base/java.io.FileOutputStream.&lt;init&gt;(FileOutputStream.java:234)
	at java.base/java.io.FileOutputStream.&lt;init&gt;(FileOutputStream.java:184)
	at org.openqa.selenium.io.FileHandler.copyFile(FileHandler.java:138)
	at org.openqa.selenium.io.FileHandler.copy(FileHandler.java:117)
	at Utils.Utility.getScreenShot(Utility.java:31)
	at AmazonTest.TestNG2ApplicationHeaderAmzn.afterMethod(TestNG2ApplicationHeaderAmzn.java:170)
	at java.base/java.util.concurrent.ThreadPoolExecutor.runWorker(ThreadPoolExecutor.java:1130)
	at java.base/java.util.concurrent.ThreadPoolExecutor$Worker.run(ThreadPoolExecutor.java:630)
	at java.base/java.lang.Thread.run(Thread.java:831)
... Removed 17 stack frames</div></td></tr></table><p class="totop"><a href="#summary">back to summary</a></p>
<h3 id="m29">AmazonTest.TestNG2ApplicationHeaderAmzn#toVerifyGiftCardButton</h3><table class="result"><tr><th>Exception</th></tr><tr><td><div class="stacktrace">java.io.FileNotFoundException:  D:\SHraddha\New folder\Test101.jpg (The filename, directory name, or volume label syntax is incorrect)
	at java.base/java.io.FileOutputStream.open0(Native Method)
	at java.base/java.io.FileOutputStream.open(FileOutputStream.java:291)
	at java.base/java.io.FileOutputStream.&lt;init&gt;(FileOutputStream.java:234)
	at java.base/java.io.FileOutputStream.&lt;init&gt;(FileOutputStream.java:184)
	at org.openqa.selenium.io.FileHandler.copyFile(FileHandler.java:138)
	at org.openqa.selenium.io.FileHandler.copy(FileHandler.java:117)
	at Utils.Utility.getScreenShot(Utility.java:31)
	at AmazonTest.TestNG2ApplicationHeaderAmzn.afterMethod(TestNG2ApplicationHeaderAmzn.java:170)
	at java.base/java.util.concurrent.ThreadPoolExecutor.runWorker(ThreadPoolExecutor.java:1130)
	at java.base/java.util.concurrent.ThreadPoolExecutor$Worker.run(ThreadPoolExecutor.java:630)
	at java.base/java.lang.Thread.run(Thread.java:831)
... Removed 17 stack frames</div></td></tr></table><p class="totop"><a href="#summary">back to summary</a></p>
<h3 id="m30">AmazonTest.TestNG2ApplicationHeaderAmzn#toVerifyGrocerynGourmetFoods</h3><table class="result"><tr><th>Exception</th></tr><tr><td><div class="stacktrace">java.io.FileNotFoundException:  D:\SHraddha\New folder\Test101.jpg (The filename, directory name, or volume label syntax is incorrect)
	at java.base/java.io.FileOutputStream.open0(Native Method)
	at java.base/java.io.FileOutputStream.open(FileOutputStream.java:291)
	at java.base/java.io.FileOutputStream.&lt;init&gt;(FileOutputStream.java:234)
	at java.base/java.io.FileOutputStream.&lt;init&gt;(FileOutputStream.java:184)
	at org.openqa.selenium.io.FileHandler.copyFile(FileHandler.java:138)
	at org.openqa.selenium.io.FileHandler.copy(FileHandler.java:117)
	at Utils.Utility.getScreenShot(Utility.java:31)
	at AmazonTest.TestNG2ApplicationHeaderAmzn.afterMethod(TestNG2ApplicationHeaderAmzn.java:170)
	at java.base/java.util.concurrent.ThreadPoolExecutor.runWorker(ThreadPoolExecutor.java:1130)
	at java.base/java.util.concurrent.ThreadPoolExecutor$Worker.run(ThreadPoolExecutor.java:630)
	at java.base/java.lang.Thread.run(Thread.java:831)
... Removed 17 stack frames</div></td></tr></table><p class="totop"><a href="#summary">back to summary</a></p>
</body>
</html>
