<!DOCTYPE html>

<html>
  <head>
  <meta charset='utf-8'>
  <title>TestNG reports</title>

    <link type="text/css" href="testng-reports1.css" rel="stylesheet" id="ultra" />
    <link type="text/css" href="testng-reports.css" rel="stylesheet" id="retro" disabled="false"/>
    <script type="text/javascript" src="jquery.min.js"></script>
    <script type="text/javascript" src="testng-reports.js"></script>
    <script type="text/javascript" src="https://www.google.com/jsapi"></script>
    <script type='text/javascript'>
      google.load('visualization', '1', {packages:['table']});
      google.setOnLoadCallback(drawTable);
      var suiteTableInitFunctions = new Array();
      var suiteTableData = new Array();
    </script>
    <!--
      <script type="text/javascript" src="jquery-ui/js/jquery-ui-1.8.16.custom.min.js"></script>
     -->
  </head>

  <body>
    <div class="top-banner-root">
      <span class="top-banner-title-font">Test results</span>
      <button id="button" class="button">Switch Retro Theme</button> <!-- button -->
      <br/>
      <span class="top-banner-font-1">1 suite, 2 failed tests</span>
    </div> <!-- top-banner-root -->
    <div class="navigator-root">
      <div class="navigator-suite-header">
        <span>All suites</span>
        <a href="#" title="Collapse/expand all the suites" class="collapse-all-link">
          <img src="collapseall.gif" class="collapse-all-icon">
          </img> <!-- collapse-all-icon -->
        </a> <!-- collapse-all-link -->
      </div> <!-- navigator-suite-header -->
      <div class="suite">
        <div class="rounded-window">
          <div class="suite-header light-rounded-window-top">
            <a href="#" panel-name="suite-QARegressionSuiteAmzn" class="navigator-link">
              <span class="suite-name border-failed">QARegressionSuiteAmzn</span>
            </a> <!-- navigator-link -->
          </div> <!-- suite-header light-rounded-window-top -->
          <div class="navigator-suite-content">
            <div class="suite-section-title">
              <span>Info</span>
            </div> <!-- suite-section-title -->
            <div class="suite-section-content">
              <ul>
                <li>
                  <a href="#" panel-name="test-xml-QARegressionSuiteAmzn" class="navigator-link ">
                    <span>C:\Users\Vivek Sawarkar\eclipse-workspace\AmazonWebApplication\RegressionSuiteAmzn.xml</span>
                  </a> <!-- navigator-link  -->
                </li>
                <li>
                  <a href="#" panel-name="testlist-QARegressionSuiteAmzn" class="navigator-link ">
                    <span class="test-stats">2 tests</span>
                  </a> <!-- navigator-link  -->
                </li>
                <li>
                  <a href="#" panel-name="group-QARegressionSuiteAmzn" class="navigator-link ">
                    <span>0 groups</span>
                  </a> <!-- navigator-link  -->
                </li>
                <li>
                  <a href="#" panel-name="times-QARegressionSuiteAmzn" class="navigator-link ">
                    <span>Times</span>
                  </a> <!-- navigator-link  -->
                </li>
                <li>
                  <a href="#" panel-name="reporter-QARegressionSuiteAmzn" class="navigator-link ">
                    <span>Reporter output</span>
                  </a> <!-- navigator-link  -->
                </li>
                <li>
                  <a href="#" panel-name="ignored-methods-QARegressionSuiteAmzn" class="navigator-link ">
                    <span>Ignored methods</span>
                  </a> <!-- navigator-link  -->
                </li>
                <li>
                  <a href="#" panel-name="chronological-QARegressionSuiteAmzn" class="navigator-link ">
                    <span>Chronological view</span>
                  </a> <!-- navigator-link  -->
                </li>
              </ul>
            </div> <!-- suite-section-content -->
            <div class="result-section">
              <div class="suite-section-title">
                <span>Results</span>
              </div> <!-- suite-section-title -->
              <div class="suite-section-content">
                <ul>
                  <li>
                    <span class="method-stats">10 methods, 2 failed,  7 skipped,  1 passed</span>
                  </li>
                  <li>
                    <span class="method-list-title failed">Failed methods</span>
                    <span class="show-or-hide-methods failed">
                      <a href="#" panel-name="suite-QARegressionSuiteAmzn" class="hide-methods failed suite-QARegressionSuiteAmzn"> (hide)</a> <!-- hide-methods failed suite-QARegressionSuiteAmzn -->
                      <a href="#" panel-name="suite-QARegressionSuiteAmzn" class="show-methods failed suite-QARegressionSuiteAmzn"> (show)</a> <!-- show-methods failed suite-QARegressionSuiteAmzn -->
                    </span>
                    <div class="method-list-content failed suite-QARegressionSuiteAmzn">
                      <span>
                        <img src="failed.png" width="3%"/>
                        <a href="#" panel-name="suite-QARegressionSuiteAmzn" title="AmazonTest.TestNG2ApplicationHeaderAmzn" class="method navigator-link" hash-for-method="toVerifyAmazonPayButton">toVerifyAmazonPayButton</a> <!-- method navigator-link -->
                      </span>
                      <br/>
                      <span>
                        <img src="failed.png" width="3%"/>
                        <a href="#" panel-name="suite-QARegressionSuiteAmzn" title="AmazonTest.TestNG2ApplicationHeaderAmzn" class="method navigator-link" hash-for-method="toVerifyAmazonPayButton">toVerifyAmazonPayButton</a> <!-- method navigator-link -->
                      </span>
                      <br/>
                    </div> <!-- method-list-content failed suite-QARegressionSuiteAmzn -->
                  </li>
                  <li>
                    <span class="method-list-title skipped">Skipped methods</span>
                    <span class="show-or-hide-methods skipped">
                      <a href="#" panel-name="suite-QARegressionSuiteAmzn" class="hide-methods skipped suite-QARegressionSuiteAmzn"> (hide)</a> <!-- hide-methods skipped suite-QARegressionSuiteAmzn -->
                      <a href="#" panel-name="suite-QARegressionSuiteAmzn" class="show-methods skipped suite-QARegressionSuiteAmzn"> (show)</a> <!-- show-methods skipped suite-QARegressionSuiteAmzn -->
                    </span>
                    <div class="method-list-content skipped suite-QARegressionSuiteAmzn">
                      <span>
                        <img src="skipped.png" width="3%"/>
                        <a href="#" panel-name="suite-QARegressionSuiteAmzn" title="AmazonTest.TestNG2ApplicationHeaderAmzn" class="method navigator-link" hash-for-method="toVerifyBuyAgainButton">toVerifyBuyAgainButton</a> <!-- method navigator-link -->
                      </span>
                      <br/>
                      <span>
                        <img src="skipped.png" width="3%"/>
                        <a href="#" panel-name="suite-QARegressionSuiteAmzn" title="AmazonTest.TestNG2ApplicationHeaderAmzn" class="method navigator-link" hash-for-method="toVerifyBuyAgainButton">toVerifyBuyAgainButton</a> <!-- method navigator-link -->
                      </span>
                      <br/>
                      <span>
                        <img src="skipped.png" width="3%"/>
                        <a href="#" panel-name="suite-QARegressionSuiteAmzn" title="AmazonTest.TestNG2ApplicationHeaderAmzn" class="method navigator-link" hash-for-method="toVerifyGiftCardButton">toVerifyGiftCardButton</a> <!-- method navigator-link -->
                      </span>
                      <br/>
                      <span>
                        <img src="skipped.png" width="3%"/>
                        <a href="#" panel-name="suite-QARegressionSuiteAmzn" title="AmazonTest.TestNG2ApplicationHeaderAmzn" class="method navigator-link" hash-for-method="toVerifyGiftCardButton">toVerifyGiftCardButton</a> <!-- method navigator-link -->
                      </span>
                      <br/>
                      <span>
                        <img src="skipped.png" width="3%"/>
                        <a href="#" panel-name="suite-QARegressionSuiteAmzn" title="AmazonTest.TestNG2ApplicationHeaderAmzn" class="method navigator-link" hash-for-method="toVerifyGrocerynGourmetFoods">toVerifyGrocerynGourmetFoods</a> <!-- method navigator-link -->
                      </span>
                      <br/>
                      <span>
                        <img src="skipped.png" width="3%"/>
                        <a href="#" panel-name="suite-QARegressionSuiteAmzn" title="AmazonTest.TestNG2ApplicationHeaderAmzn" class="method navigator-link" hash-for-method="toVerifyGrocerynGourmetFoods">toVerifyGrocerynGourmetFoods</a> <!-- method navigator-link -->
                      </span>
                      <br/>
                      <span>
                        <img src="skipped.png" width="3%"/>
                        <a href="#" panel-name="suite-QARegressionSuiteAmzn" title="AmazonTest.TestNG1LoginPageAmzn" class="method navigator-link" hash-for-method="toVerifyLoginPage">toVerifyLoginPage</a> <!-- method navigator-link -->
                      </span>
                      <br/>
                    </div> <!-- method-list-content skipped suite-QARegressionSuiteAmzn -->
                  </li>
                  <li>
                    <span class="method-list-title passed">Passed methods</span>
                    <span class="show-or-hide-methods passed">
                      <a href="#" panel-name="suite-QARegressionSuiteAmzn" class="hide-methods passed suite-QARegressionSuiteAmzn"> (hide)</a> <!-- hide-methods passed suite-QARegressionSuiteAmzn -->
                      <a href="#" panel-name="suite-QARegressionSuiteAmzn" class="show-methods passed suite-QARegressionSuiteAmzn"> (show)</a> <!-- show-methods passed suite-QARegressionSuiteAmzn -->
                    </span>
                    <div class="method-list-content passed suite-QARegressionSuiteAmzn">
                      <span>
                        <img src="passed.png" width="3%"/>
                        <a href="#" panel-name="suite-QARegressionSuiteAmzn" title="AmazonTest.TestNG1LoginPageAmzn" class="method navigator-link" hash-for-method="toVerifyLoginPage">toVerifyLoginPage</a> <!-- method navigator-link -->
                      </span>
                      <br/>
                    </div> <!-- method-list-content passed suite-QARegressionSuiteAmzn -->
                  </li>
                </ul>
              </div> <!-- suite-section-content -->
            </div> <!-- result-section -->
          </div> <!-- navigator-suite-content -->
        </div> <!-- rounded-window -->
      </div> <!-- suite -->
    </div> <!-- navigator-root -->
    <div class="wrapper">
      <div class="main-panel-root">
        <div panel-name="suite-QARegressionSuiteAmzn" class="panel QARegressionSuiteAmzn">
          <div class="suite-QARegressionSuiteAmzn-class-failed">
            <div class="main-panel-header rounded-window-top">
              <img src="failed.png"/>
              <span class="class-name">AmazonTest.TestNG2ApplicationHeaderAmzn</span>
            </div> <!-- main-panel-header rounded-window-top -->
            <div class="main-panel-content rounded-window-bottom">
              <div class="method">
                <div class="method-content">
                  <a name="toVerifyAmazonPayButton">
                  </a> <!-- toVerifyAmazonPayButton -->
                  <span class="method-name">toVerifyAmazonPayButton</span>
                  <div class="stack-trace">org.openqa.selenium.NoSuchElementException: no such element: Unable to locate element: {&quot;method&quot;:&quot;xpath&quot;,&quot;selector&quot;:&quot; //a[text()=&apos;Amazon Pay&apos;] &quot;}
  (Session info: chrome=98.0.4758.102)
For documentation on this error, please visit: https://www.seleniumhq.org/exceptions/no_such_element.html
Build info: version: &apos;3.141.59&apos;, revision: &apos;e82be7d358&apos;, time: &apos;2018-11-14T08:17:03&apos;
System info: host: &apos;DESKTOP-R93R9SP&apos;, ip: &apos;192.168.0.102&apos;, os.name: &apos;Windows 10&apos;, os.arch: &apos;amd64&apos;, os.version: &apos;10.0&apos;, java.version: &apos;16.0.2&apos;
Driver info: org.openqa.selenium.chrome.ChromeDriver
Capabilities {acceptInsecureCerts: false, browserName: chrome, browserVersion: 98.0.4758.102, chrome: {chromedriverVersion: 98.0.4758.80 (7f0488e8ba0d8..., userDataDir: C:\Users\VIVEKS~1\AppData\L...}, goog:chromeOptions: {debuggerAddress: localhost:59629}, javascriptEnabled: true, networkConnectionEnabled: false, pageLoadStrategy: normal, platform: WINDOWS, platformName: WINDOWS, proxy: Proxy(), setWindowRect: true, strictFileInteractability: false, timeouts: {implicit: 0, pageLoad: 300000, script: 30000}, unhandledPromptBehavior: dismiss and notify, webauthn:extension:credBlob: true, webauthn:extension:largeBlob: true, webauthn:virtualAuthenticators: true}
Session ID: 531d2c5fc02a8404f7976a4e9c040f4d
*** Element info: {Using=xpath, value= //a[text()=&apos;Amazon Pay&apos;] }
	at org.openqa.selenium.remote.http.W3CHttpResponseCodec.createException(W3CHttpResponseCodec.java:187)
	at org.openqa.selenium.remote.http.W3CHttpResponseCodec.decode(W3CHttpResponseCodec.java:122)
	at org.openqa.selenium.remote.http.W3CHttpResponseCodec.decode(W3CHttpResponseCodec.java:49)
	at org.openqa.selenium.remote.HttpCommandExecutor.execute(HttpCommandExecutor.java:158)
	at org.openqa.selenium.remote.service.DriverCommandExecutor.execute(DriverCommandExecutor.java:83)
	at org.openqa.selenium.remote.RemoteWebDriver.execute(RemoteWebDriver.java:552)
	at org.openqa.selenium.remote.RemoteWebDriver.findElement(RemoteWebDriver.java:323)
	at org.openqa.selenium.remote.RemoteWebDriver.findElementByXPath(RemoteWebDriver.java:428)
	at org.openqa.selenium.By$ByXPath.findElement(By.java:353)
	at org.openqa.selenium.remote.RemoteWebDriver.findElement(RemoteWebDriver.java:315)
	at org.openqa.selenium.support.pagefactory.DefaultElementLocator.findElement(DefaultElementLocator.java:69)
	at org.openqa.selenium.support.pagefactory.internal.LocatingElementHandler.invoke(LocatingElementHandler.java:38)
	at jdk.proxy2/jdk.proxy2.$Proxy17.click(Unknown Source)
	at pom.ApplicationHeaderAmzn.openAmazonPayPage(ApplicationHeaderAmzn.java:75)
	at AmazonTest.TestNG2ApplicationHeaderAmzn.toVerifyAmazonPayButton(TestNG2ApplicationHeaderAmzn.java:104)
	at java.base/java.util.concurrent.ThreadPoolExecutor.runWorker(ThreadPoolExecutor.java:1130)
	at java.base/java.util.concurrent.ThreadPoolExecutor$Worker.run(ThreadPoolExecutor.java:630)
	at java.base/java.lang.Thread.run(Thread.java:831)
... Removed 17 stack frames
</div> <!-- stack-trace -->
                </div> <!-- method-content -->
              </div> <!-- method -->
              <div class="method">
                <div class="method-content">
                  <a name="toVerifyAmazonPayButton">
                  </a> <!-- toVerifyAmazonPayButton -->
                  <span class="method-name">toVerifyAmazonPayButton</span>
                  <div class="stack-trace">org.openqa.selenium.NoSuchElementException: no such element: Unable to locate element: {&quot;method&quot;:&quot;xpath&quot;,&quot;selector&quot;:&quot; //a[text()=&apos;Amazon Pay&apos;] &quot;}
  (Session info: chrome=97.0.4692.99)
  (Driver info: operadriver=97.0.4692.71 (adefa7837d02a07a604c1e6eff0b3a09422ab88d-refs/branch-heads/4692@{#1247}),platform=Windows NT 10.0.19043 x86_64) (WARNING: The server did not provide any stacktrace information)
Command duration or timeout: 0 milliseconds
For documentation on this error, please visit: https://www.seleniumhq.org/exceptions/no_such_element.html
Build info: version: &apos;3.141.59&apos;, revision: &apos;e82be7d358&apos;, time: &apos;2018-11-14T08:17:03&apos;
System info: host: &apos;DESKTOP-R93R9SP&apos;, ip: &apos;192.168.0.102&apos;, os.name: &apos;Windows 10&apos;, os.arch: &apos;amd64&apos;, os.version: &apos;10.0&apos;, java.version: &apos;16.0.2&apos;
Driver info: org.openqa.selenium.opera.OperaDriver
Capabilities {acceptInsecureCerts: false, acceptSslCerts: false, applicationCacheEnabled: false, browserConnectionEnabled: false, browserName: opera, cssSelectorsEnabled: true, databaseEnabled: false, goog:chromeOptions: {debuggerAddress: localhost:59893}, handlesAlerts: true, hasTouchScreen: false, javascriptEnabled: true, locationContextEnabled: true, mobileEmulationEnabled: false, nativeEvents: true, networkConnectionEnabled: false, opera: {operadriverVersion: 97.0.4692.71 (adefa7837d02a..., userDataDir: C:\Users\VIVEKS~1\AppData\L...}, pageLoadStrategy: normal, platform: WINDOWS, platformName: WINDOWS, proxy: Proxy(), rotatable: false, setWindowRect: true, strictFileInteractability: false, takesHeapSnapshot: true, takesScreenshot: true, timeouts: {implicit: 0, pageLoad: 300000, script: 30000}, unexpectedAlertBehaviour: ignore, unhandledPromptBehavior: ignore, version: 97.0.4692.99, webStorageEnabled: true, webauthn:extension:credBlob: true, webauthn:extension:largeBlob: true, webauthn:virtualAuthenticators: true}
Session ID: fb2356ef95f12b0d0900ac32327598b1
*** Element info: {Using=xpath, value= //a[text()=&apos;Amazon Pay&apos;] }
	at org.openqa.selenium.remote.ErrorHandler.createThrowable(ErrorHandler.java:214)
	at org.openqa.selenium.remote.ErrorHandler.throwIfResponseFailed(ErrorHandler.java:166)
	at org.openqa.selenium.remote.http.JsonHttpResponseCodec.reconstructValue(JsonHttpResponseCodec.java:40)
	at org.openqa.selenium.remote.http.AbstractHttpResponseCodec.decode(AbstractHttpResponseCodec.java:80)
	at org.openqa.selenium.remote.http.AbstractHttpResponseCodec.decode(AbstractHttpResponseCodec.java:44)
	at org.openqa.selenium.remote.HttpCommandExecutor.execute(HttpCommandExecutor.java:158)
	at org.openqa.selenium.remote.service.DriverCommandExecutor.execute(DriverCommandExecutor.java:83)
	at org.openqa.selenium.remote.RemoteWebDriver.execute(RemoteWebDriver.java:552)
	at org.openqa.selenium.remote.RemoteWebDriver.findElement(RemoteWebDriver.java:323)
	at org.openqa.selenium.remote.RemoteWebDriver.findElementByXPath(RemoteWebDriver.java:428)
	at org.openqa.selenium.By$ByXPath.findElement(By.java:353)
	at org.openqa.selenium.remote.RemoteWebDriver.findElement(RemoteWebDriver.java:315)
	at org.openqa.selenium.support.pagefactory.DefaultElementLocator.findElement(DefaultElementLocator.java:69)
	at org.openqa.selenium.support.pagefactory.internal.LocatingElementHandler.invoke(LocatingElementHandler.java:38)
	at jdk.proxy2/jdk.proxy2.$Proxy17.click(Unknown Source)
	at pom.ApplicationHeaderAmzn.openAmazonPayPage(ApplicationHeaderAmzn.java:75)
	at AmazonTest.TestNG2ApplicationHeaderAmzn.toVerifyAmazonPayButton(TestNG2ApplicationHeaderAmzn.java:104)
	at java.base/java.util.concurrent.ThreadPoolExecutor.runWorker(ThreadPoolExecutor.java:1130)
	at java.base/java.util.concurrent.ThreadPoolExecutor$Worker.run(ThreadPoolExecutor.java:630)
	at java.base/java.lang.Thread.run(Thread.java:831)
... Removed 17 stack frames
</div> <!-- stack-trace -->
                </div> <!-- method-content -->
              </div> <!-- method -->
            </div> <!-- main-panel-content rounded-window-bottom -->
          </div> <!-- suite-QARegressionSuiteAmzn-class-failed -->
          <div class="suite-QARegressionSuiteAmzn-class-skipped">
            <div class="main-panel-header rounded-window-top">
              <img src="skipped.png"/>
              <span class="class-name">AmazonTest.TestNG2ApplicationHeaderAmzn</span>
            </div> <!-- main-panel-header rounded-window-top -->
            <div class="main-panel-content rounded-window-bottom">
              <div class="method">
                <div class="method-content">
                  <a name="toVerifyBuyAgainButton">
                  </a> <!-- toVerifyBuyAgainButton -->
                  <span class="method-name">toVerifyBuyAgainButton</span>
                  <div class="stack-trace">java.io.FileNotFoundException:  D:\SHraddha\New folder\Test101.jpg (The filename, directory name, or volume label syntax is incorrect)
	at java.base/java.io.FileOutputStream.open0(Native Method)
	at java.base/java.io.FileOutputStream.open(FileOutputStream.java:291)
	at java.base/java.io.FileOutputStream.&lt;init&gt;(FileOutputStream.java:234)
	at java.base/java.io.FileOutputStream.&lt;init&gt;(FileOutputStream.java:184)
	at org.openqa.selenium.io.FileHandler.copyFile(FileHandler.java:138)
	at org.openqa.selenium.io.FileHandler.copy(FileHandler.java:117)
	at Utils.Utility.getScreenShot(Utility.java:31)
	at AmazonTest.TestNG2ApplicationHeaderAmzn.afterMethod(TestNG2ApplicationHeaderAmzn.java:170)
	at java.base/java.util.concurrent.ThreadPoolExecutor.runWorker(ThreadPoolExecutor.java:1130)
	at java.base/java.util.concurrent.ThreadPoolExecutor$Worker.run(ThreadPoolExecutor.java:630)
	at java.base/java.lang.Thread.run(Thread.java:831)
... Removed 17 stack frames
</div> <!-- stack-trace -->
                </div> <!-- method-content -->
              </div> <!-- method -->
              <div class="method">
                <div class="method-content">
                  <a name="toVerifyBuyAgainButton">
                  </a> <!-- toVerifyBuyAgainButton -->
                  <span class="method-name">toVerifyBuyAgainButton</span>
                  <div class="stack-trace">java.io.FileNotFoundException:  D:\SHraddha\New folder\Test101.jpg (The filename, directory name, or volume label syntax is incorrect)
	at java.base/java.io.FileOutputStream.open0(Native Method)
	at java.base/java.io.FileOutputStream.open(FileOutputStream.java:291)
	at java.base/java.io.FileOutputStream.&lt;init&gt;(FileOutputStream.java:234)
	at java.base/java.io.FileOutputStream.&lt;init&gt;(FileOutputStream.java:184)
	at org.openqa.selenium.io.FileHandler.copyFile(FileHandler.java:138)
	at org.openqa.selenium.io.FileHandler.copy(FileHandler.java:117)
	at Utils.Utility.getScreenShot(Utility.java:31)
	at AmazonTest.TestNG2ApplicationHeaderAmzn.afterMethod(TestNG2ApplicationHeaderAmzn.java:170)
	at java.base/java.util.concurrent.ThreadPoolExecutor.runWorker(ThreadPoolExecutor.java:1130)
	at java.base/java.util.concurrent.ThreadPoolExecutor$Worker.run(ThreadPoolExecutor.java:630)
	at java.base/java.lang.Thread.run(Thread.java:831)
... Removed 17 stack frames
</div> <!-- stack-trace -->
                </div> <!-- method-content -->
              </div> <!-- method -->
              <div class="method">
                <div class="method-content">
                  <a name="toVerifyGiftCardButton">
                  </a> <!-- toVerifyGiftCardButton -->
                  <span class="method-name">toVerifyGiftCardButton</span>
                  <div class="stack-trace">java.io.FileNotFoundException:  D:\SHraddha\New folder\Test101.jpg (The filename, directory name, or volume label syntax is incorrect)
	at java.base/java.io.FileOutputStream.open0(Native Method)
	at java.base/java.io.FileOutputStream.open(FileOutputStream.java:291)
	at java.base/java.io.FileOutputStream.&lt;init&gt;(FileOutputStream.java:234)
	at java.base/java.io.FileOutputStream.&lt;init&gt;(FileOutputStream.java:184)
	at org.openqa.selenium.io.FileHandler.copyFile(FileHandler.java:138)
	at org.openqa.selenium.io.FileHandler.copy(FileHandler.java:117)
	at Utils.Utility.getScreenShot(Utility.java:31)
	at AmazonTest.TestNG2ApplicationHeaderAmzn.afterMethod(TestNG2ApplicationHeaderAmzn.java:170)
	at java.base/java.util.concurrent.ThreadPoolExecutor.runWorker(ThreadPoolExecutor.java:1130)
	at java.base/java.util.concurrent.ThreadPoolExecutor$Worker.run(ThreadPoolExecutor.java:630)
	at java.base/java.lang.Thread.run(Thread.java:831)
... Removed 17 stack frames
</div> <!-- stack-trace -->
                </div> <!-- method-content -->
              </div> <!-- method -->
              <div class="method">
                <div class="method-content">
                  <a name="toVerifyGiftCardButton">
                  </a> <!-- toVerifyGiftCardButton -->
                  <span class="method-name">toVerifyGiftCardButton</span>
                  <div class="stack-trace">java.io.FileNotFoundException:  D:\SHraddha\New folder\Test101.jpg (The filename, directory name, or volume label syntax is incorrect)
	at java.base/java.io.FileOutputStream.open0(Native Method)
	at java.base/java.io.FileOutputStream.open(FileOutputStream.java:291)
	at java.base/java.io.FileOutputStream.&lt;init&gt;(FileOutputStream.java:234)
	at java.base/java.io.FileOutputStream.&lt;init&gt;(FileOutputStream.java:184)
	at org.openqa.selenium.io.FileHandler.copyFile(FileHandler.java:138)
	at org.openqa.selenium.io.FileHandler.copy(FileHandler.java:117)
	at Utils.Utility.getScreenShot(Utility.java:31)
	at AmazonTest.TestNG2ApplicationHeaderAmzn.afterMethod(TestNG2ApplicationHeaderAmzn.java:170)
	at java.base/java.util.concurrent.ThreadPoolExecutor.runWorker(ThreadPoolExecutor.java:1130)
	at java.base/java.util.concurrent.ThreadPoolExecutor$Worker.run(ThreadPoolExecutor.java:630)
	at java.base/java.lang.Thread.run(Thread.java:831)
... Removed 17 stack frames
</div> <!-- stack-trace -->
                </div> <!-- method-content -->
              </div> <!-- method -->
              <div class="method">
                <div class="method-content">
                  <a name="toVerifyGrocerynGourmetFoods">
                  </a> <!-- toVerifyGrocerynGourmetFoods -->
                  <span class="method-name">toVerifyGrocerynGourmetFoods</span>
                  <div class="stack-trace">java.io.FileNotFoundException:  D:\SHraddha\New folder\Test101.jpg (The filename, directory name, or volume label syntax is incorrect)
	at java.base/java.io.FileOutputStream.open0(Native Method)
	at java.base/java.io.FileOutputStream.open(FileOutputStream.java:291)
	at java.base/java.io.FileOutputStream.&lt;init&gt;(FileOutputStream.java:234)
	at java.base/java.io.FileOutputStream.&lt;init&gt;(FileOutputStream.java:184)
	at org.openqa.selenium.io.FileHandler.copyFile(FileHandler.java:138)
	at org.openqa.selenium.io.FileHandler.copy(FileHandler.java:117)
	at Utils.Utility.getScreenShot(Utility.java:31)
	at AmazonTest.TestNG2ApplicationHeaderAmzn.afterMethod(TestNG2ApplicationHeaderAmzn.java:170)
	at java.base/java.util.concurrent.ThreadPoolExecutor.runWorker(ThreadPoolExecutor.java:1130)
	at java.base/java.util.concurrent.ThreadPoolExecutor$Worker.run(ThreadPoolExecutor.java:630)
	at java.base/java.lang.Thread.run(Thread.java:831)
... Removed 17 stack frames
</div> <!-- stack-trace -->
                </div> <!-- method-content -->
              </div> <!-- method -->
              <div class="method">
                <div class="method-content">
                  <a name="toVerifyGrocerynGourmetFoods">
                  </a> <!-- toVerifyGrocerynGourmetFoods -->
                  <span class="method-name">toVerifyGrocerynGourmetFoods</span>
                  <div class="stack-trace">java.io.FileNotFoundException:  D:\SHraddha\New folder\Test101.jpg (The filename, directory name, or volume label syntax is incorrect)
	at java.base/java.io.FileOutputStream.open0(Native Method)
	at java.base/java.io.FileOutputStream.open(FileOutputStream.java:291)
	at java.base/java.io.FileOutputStream.&lt;init&gt;(FileOutputStream.java:234)
	at java.base/java.io.FileOutputStream.&lt;init&gt;(FileOutputStream.java:184)
	at org.openqa.selenium.io.FileHandler.copyFile(FileHandler.java:138)
	at org.openqa.selenium.io.FileHandler.copy(FileHandler.java:117)
	at Utils.Utility.getScreenShot(Utility.java:31)
	at AmazonTest.TestNG2ApplicationHeaderAmzn.afterMethod(TestNG2ApplicationHeaderAmzn.java:170)
	at java.base/java.util.concurrent.ThreadPoolExecutor.runWorker(ThreadPoolExecutor.java:1130)
	at java.base/java.util.concurrent.ThreadPoolExecutor$Worker.run(ThreadPoolExecutor.java:630)
	at java.base/java.lang.Thread.run(Thread.java:831)
... Removed 17 stack frames
</div> <!-- stack-trace -->
                </div> <!-- method-content -->
              </div> <!-- method -->
            </div> <!-- main-panel-content rounded-window-bottom -->
          </div> <!-- suite-QARegressionSuiteAmzn-class-skipped -->
          <div class="suite-QARegressionSuiteAmzn-class-skipped">
            <div class="main-panel-header rounded-window-top">
              <img src="skipped.png"/>
              <span class="class-name">AmazonTest.TestNG1LoginPageAmzn</span>
            </div> <!-- main-panel-header rounded-window-top -->
            <div class="main-panel-content rounded-window-bottom">
              <div class="method">
                <div class="method-content">
                  <a name="toVerifyLoginPage">
                  </a> <!-- toVerifyLoginPage -->
                  <span class="method-name">toVerifyLoginPage</span>
                  <div class="stack-trace">org.openqa.selenium.WebDriverException: unknown error: cannot determine loading status
from disconnected: received Inspector.detached event
  (Session info: chrome=98.0.4758.102)
Build info: version: &apos;3.141.59&apos;, revision: &apos;e82be7d358&apos;, time: &apos;2018-11-14T08:17:03&apos;
System info: host: &apos;DESKTOP-R93R9SP&apos;, ip: &apos;192.168.0.102&apos;, os.name: &apos;Windows 10&apos;, os.arch: &apos;amd64&apos;, os.version: &apos;10.0&apos;, java.version: &apos;16.0.2&apos;
Driver info: org.openqa.selenium.chrome.ChromeDriver
Capabilities {acceptInsecureCerts: false, browserName: chrome, browserVersion: 98.0.4758.102, chrome: {chromedriverVersion: 98.0.4758.80 (7f0488e8ba0d8..., userDataDir: C:\Users\VIVEKS~1\AppData\L...}, goog:chromeOptions: {debuggerAddress: localhost:59962}, javascriptEnabled: true, networkConnectionEnabled: false, pageLoadStrategy: normal, platform: WINDOWS, platformName: WINDOWS, proxy: Proxy(), setWindowRect: true, strictFileInteractability: false, timeouts: {implicit: 0, pageLoad: 300000, script: 30000}, unhandledPromptBehavior: dismiss and notify, webauthn:extension:credBlob: true, webauthn:extension:largeBlob: true, webauthn:virtualAuthenticators: true}
Session ID: 8f3cbb302e87b6a685387c28f9d3687f
	at org.openqa.selenium.remote.http.W3CHttpResponseCodec.createException(W3CHttpResponseCodec.java:187)
	at org.openqa.selenium.remote.http.W3CHttpResponseCodec.decode(W3CHttpResponseCodec.java:122)
	at org.openqa.selenium.remote.http.W3CHttpResponseCodec.decode(W3CHttpResponseCodec.java:49)
	at org.openqa.selenium.remote.HttpCommandExecutor.execute(HttpCommandExecutor.java:158)
	at org.openqa.selenium.remote.service.DriverCommandExecutor.execute(DriverCommandExecutor.java:83)
	at org.openqa.selenium.remote.RemoteWebDriver.execute(RemoteWebDriver.java:552)
	at org.openqa.selenium.remote.RemoteWebDriver.get(RemoteWebDriver.java:277)
	at AmazonTest.TestNG1LoginPageAmzn.launchLoginPage(TestNG1LoginPageAmzn.java:47)
	at java.base/java.util.concurrent.ThreadPoolExecutor.runWorker(ThreadPoolExecutor.java:1130)
	at java.base/java.util.concurrent.ThreadPoolExecutor$Worker.run(ThreadPoolExecutor.java:630)
	at java.base/java.lang.Thread.run(Thread.java:831)
... Removed 21 stack frames
</div> <!-- stack-trace -->
                </div> <!-- method-content -->
              </div> <!-- method -->
            </div> <!-- main-panel-content rounded-window-bottom -->
          </div> <!-- suite-QARegressionSuiteAmzn-class-skipped -->
          <div class="suite-QARegressionSuiteAmzn-class-passed">
            <div class="main-panel-header rounded-window-top">
              <img src="passed.png"/>
              <span class="class-name">AmazonTest.TestNG1LoginPageAmzn</span>
            </div> <!-- main-panel-header rounded-window-top -->
            <div class="main-panel-content rounded-window-bottom">
              <div class="method">
                <div class="method-content">
                  <a name="toVerifyLoginPage">
                  </a> <!-- toVerifyLoginPage -->
                  <span class="method-name">toVerifyLoginPage</span>
                </div> <!-- method-content -->
              </div> <!-- method -->
            </div> <!-- main-panel-content rounded-window-bottom -->
          </div> <!-- suite-QARegressionSuiteAmzn-class-passed -->
        </div> <!-- panel QARegressionSuiteAmzn -->
        <div panel-name="test-xml-QARegressionSuiteAmzn" class="panel">
          <div class="main-panel-header rounded-window-top">
            <span class="header-content">C:\Users\Vivek Sawarkar\eclipse-workspace\AmazonWebApplication\RegressionSuiteAmzn.xml</span>
          </div> <!-- main-panel-header rounded-window-top -->
          <div class="main-panel-content rounded-window-bottom">
            <pre>
&lt;?xml version=&quot;1.0&quot; encoding=&quot;UTF-8&quot;?&gt;
&lt;!DOCTYPE suite SYSTEM &quot;https://testng.org/testng-1.0.dtd&quot;&gt;
&lt;suite thread-count=&quot;2&quot; parallel=&quot;classes&quot; name=&quot;QARegressionSuiteAmzn&quot; guice-stage=&quot;DEVELOPMENT&quot;&gt;
  &lt;listeners&gt;
    &lt;listener class-name=&quot;extentsReport.ExtentTestNGIReporterListener&quot;/&gt;
  &lt;/listeners&gt;
  &lt;test thread-count=&quot;2&quot; parallel=&quot;classes&quot; name=&quot;ChromeTest&quot;&gt;
    &lt;parameter name=&quot;browser&quot; value=&quot;chrome&quot;/&gt;
    &lt;classes&gt;
      &lt;class name=&quot;AmazonTest.TestNG2ApplicationHeaderAmzn&quot;/&gt;
      &lt;class name=&quot;AmazonTest.TestNG1LoginPageAmzn&quot;/&gt;
    &lt;/classes&gt;
  &lt;/test&gt; &lt;!-- ChromeTest --&gt;
  &lt;test thread-count=&quot;2&quot; parallel=&quot;classes&quot; name=&quot;OperaTest&quot;&gt;
    &lt;parameter name=&quot;browser&quot; value=&quot;opera&quot;/&gt;
    &lt;classes&gt;
      &lt;class name=&quot;AmazonTest.TestNG2ApplicationHeaderAmzn&quot;/&gt;
      &lt;class name=&quot;AmazonTest.TestNG1LoginPageAmzn&quot;/&gt;
    &lt;/classes&gt;
  &lt;/test&gt; &lt;!-- OperaTest --&gt;
&lt;/suite&gt; &lt;!-- QARegressionSuiteAmzn --&gt;
            </pre>
          </div> <!-- main-panel-content rounded-window-bottom -->
        </div> <!-- panel -->
        <div panel-name="testlist-QARegressionSuiteAmzn" class="panel">
          <div class="main-panel-header rounded-window-top">
            <span class="header-content">Tests for QARegressionSuiteAmzn</span>
          </div> <!-- main-panel-header rounded-window-top -->
          <div class="main-panel-content rounded-window-bottom">
            <ul>
              <li>
                <span class="test-name">ChromeTest (2 classes)</span>
              </li>
              <li>
                <span class="test-name">OperaTest (2 classes)</span>
              </li>
            </ul>
          </div> <!-- main-panel-content rounded-window-bottom -->
        </div> <!-- panel -->
        <div panel-name="group-QARegressionSuiteAmzn" class="panel">
          <div class="main-panel-header rounded-window-top">
            <span class="header-content">Groups for QARegressionSuiteAmzn</span>
          </div> <!-- main-panel-header rounded-window-top -->
          <div class="main-panel-content rounded-window-bottom">
          </div> <!-- main-panel-content rounded-window-bottom -->
        </div> <!-- panel -->
        <div panel-name="times-QARegressionSuiteAmzn" class="panel">
          <div class="main-panel-header rounded-window-top">
            <span class="header-content">Times for QARegressionSuiteAmzn</span>
          </div> <!-- main-panel-header rounded-window-top -->
          <div class="main-panel-content rounded-window-bottom">
            <div class="times-div">
              <script type="text/javascript">
suiteTableInitFunctions.push('tableData_QARegressionSuiteAmzn');
function tableData_QARegressionSuiteAmzn() {
var data = new google.visualization.DataTable();
data.addColumn('number', 'Number');
data.addColumn('string', 'Method');
data.addColumn('string', 'Class');
data.addColumn('number', 'Time (ms)');
data.addRows(10);
data.setCell(0, 0, 0)
data.setCell(0, 1, 'toVerifyAmazonPayButton')
data.setCell(0, 2, 'AmazonTest.TestNG2ApplicationHeaderAmzn')
data.setCell(0, 3, 13295);
data.setCell(1, 0, 1)
data.setCell(1, 1, 'toVerifyAmazonPayButton')
data.setCell(1, 2, 'AmazonTest.TestNG2ApplicationHeaderAmzn')
data.setCell(1, 3, 10086);
data.setCell(2, 0, 2)
data.setCell(2, 1, 'toVerifyLoginPage')
data.setCell(2, 2, 'AmazonTest.TestNG1LoginPageAmzn')
data.setCell(2, 3, 273);
data.setCell(3, 0, 3)
data.setCell(3, 1, 'toVerifyGiftCardButton')
data.setCell(3, 2, 'AmazonTest.TestNG2ApplicationHeaderAmzn')
data.setCell(3, 3, 0);
data.setCell(4, 0, 4)
data.setCell(4, 1, 'toVerifyBuyAgainButton')
data.setCell(4, 2, 'AmazonTest.TestNG2ApplicationHeaderAmzn')
data.setCell(4, 3, 0);
data.setCell(5, 0, 5)
data.setCell(5, 1, 'toVerifyGrocerynGourmetFoods')
data.setCell(5, 2, 'AmazonTest.TestNG2ApplicationHeaderAmzn')
data.setCell(5, 3, 0);
data.setCell(6, 0, 6)
data.setCell(6, 1, 'toVerifyGrocerynGourmetFoods')
data.setCell(6, 2, 'AmazonTest.TestNG2ApplicationHeaderAmzn')
data.setCell(6, 3, 0);
data.setCell(7, 0, 7)
data.setCell(7, 1, 'toVerifyGiftCardButton')
data.setCell(7, 2, 'AmazonTest.TestNG2ApplicationHeaderAmzn')
data.setCell(7, 3, 0);
data.setCell(8, 0, 8)
data.setCell(8, 1, 'toVerifyLoginPage')
data.setCell(8, 2, 'AmazonTest.TestNG1LoginPageAmzn')
data.setCell(8, 3, 0);
data.setCell(9, 0, 9)
data.setCell(9, 1, 'toVerifyBuyAgainButton')
data.setCell(9, 2, 'AmazonTest.TestNG2ApplicationHeaderAmzn')
data.setCell(9, 3, 0);
window.suiteTableData['QARegressionSuiteAmzn']= { tableData: data, tableDiv: 'times-div-QARegressionSuiteAmzn'}
return data;
}
              </script>
              <span class="suite-total-time">Total running time: 23 seconds</span>
              <div id="times-div-QARegressionSuiteAmzn">
              </div> <!-- times-div-QARegressionSuiteAmzn -->
            </div> <!-- times-div -->
          </div> <!-- main-panel-content rounded-window-bottom -->
        </div> <!-- panel -->
        <div panel-name="reporter-QARegressionSuiteAmzn" class="panel">
          <div class="main-panel-header rounded-window-top">
            <span class="header-content">Reporter output for QARegressionSuiteAmzn</span>
          </div> <!-- main-panel-header rounded-window-top -->
          <div class="main-panel-content rounded-window-bottom">
          </div> <!-- main-panel-content rounded-window-bottom -->
        </div> <!-- panel -->
        <div panel-name="ignored-methods-QARegressionSuiteAmzn" class="panel">
          <div class="main-panel-header rounded-window-top">
            <span class="header-content">0 ignored methods</span>
          </div> <!-- main-panel-header rounded-window-top -->
          <div class="main-panel-content rounded-window-bottom">
          </div> <!-- main-panel-content rounded-window-bottom -->
        </div> <!-- panel -->
        <div panel-name="chronological-QARegressionSuiteAmzn" class="panel">
          <div class="main-panel-header rounded-window-top">
            <span class="header-content">Methods in chronological order</span>
          </div> <!-- main-panel-header rounded-window-top -->
          <div class="main-panel-content rounded-window-bottom">
            <div class="chronological-class">
              <div class="chronological-class-name">AmazonTest.TestNG2ApplicationHeaderAmzn</div> <!-- chronological-class-name -->
              <div class="configuration-test before">
                <span class="method-name">launchBrowser(chrome)</span>
                <span class="method-start">0 ms</span>
              </div> <!-- configuration-test before -->
            </div> <!-- chronological-class -->
            <div class="chronological-class">
              <div class="chronological-class-name">AmazonTest.TestNG1LoginPageAmzn</div> <!-- chronological-class-name -->
              <div class="configuration-class before">
                <span class="method-name">launchBrowser</span>
                <span class="method-start">10405 ms</span>
              </div> <!-- configuration-class before -->
            </div> <!-- chronological-class -->
            <div class="chronological-class">
              <div class="chronological-class-name">AmazonTest.TestNG2ApplicationHeaderAmzn</div> <!-- chronological-class-name -->
              <div class="configuration-class before">
                <span class="method-name">createPOMObjects</span>
                <span class="method-start">10405 ms</span>
              </div> <!-- configuration-class before -->
              <div class="configuration-method before">
                <span class="method-name">launchLoginPage</span>
                <span class="method-start">10596 ms</span>
              </div> <!-- configuration-method before -->
            </div> <!-- chronological-class -->
            <div class="chronological-class">
              <div class="chronological-class-name">AmazonTest.TestNG1LoginPageAmzn</div> <!-- chronological-class-name -->
              <div class="configuration-method before">
                <span class="method-name">launchLoginPage</span>
                <span class="method-start">12999 ms</span>
              </div> <!-- configuration-method before -->
              <div class="test-method">
                <span class="method-name">toVerifyLoginPage</span>
                <span class="method-start">38648 ms</span>
              </div> <!-- test-method -->
              <div class="configuration-method after">
                <span class="method-name">afterMethod</span>
                <span class="method-start">38924 ms</span>
              </div> <!-- configuration-method after -->
              <div class="configuration-class after">
                <span class="method-name">afterClass</span>
                <span class="method-start">38925 ms</span>
              </div> <!-- configuration-class after -->
            </div> <!-- chronological-class -->
            <div class="chronological-class">
              <div class="chronological-class-name">AmazonTest.TestNG2ApplicationHeaderAmzn</div> <!-- chronological-class-name -->
              <div class="test-method">
                <img src="failed.png">
                </img>
                <span class="method-name">toVerifyAmazonPayButton</span>
                <span class="method-start">55393 ms</span>
              </div> <!-- test-method -->
              <div class="configuration-method after">
                <img src="failed.png">
                </img>
                <span class="method-name">afterMethod([TestResult name=toVerifyAmazonPayButton status=FAILURE method=TestNG2ApplicationHeaderAmzn.toVerify...)</span>
                <span class="method-start">68690 ms</span>
              </div> <!-- configuration-method after -->
              <div class="configuration-method before">
                <span class="method-name">launchLoginPage</span>
                <span class="method-start">68978 ms</span>
              </div> <!-- configuration-method before -->
              <div class="test-method">
                <span class="method-name">toVerifyBuyAgainButton</span>
                <span class="method-start">68980 ms</span>
              </div> <!-- test-method -->
              <div class="configuration-method after">
                <span class="method-name">afterMethod</span>
                <span class="method-start">68981 ms</span>
              </div> <!-- configuration-method after -->
              <div class="configuration-method before">
                <span class="method-name">launchLoginPage</span>
                <span class="method-start">68982 ms</span>
              </div> <!-- configuration-method before -->
              <div class="test-method">
                <span class="method-name">toVerifyGiftCardButton</span>
                <span class="method-start">68983 ms</span>
              </div> <!-- test-method -->
              <div class="configuration-method after">
                <span class="method-name">afterMethod</span>
                <span class="method-start">68985 ms</span>
              </div> <!-- configuration-method after -->
              <div class="configuration-method before">
                <span class="method-name">launchLoginPage</span>
                <span class="method-start">68986 ms</span>
              </div> <!-- configuration-method before -->
              <div class="test-method">
                <span class="method-name">toVerifyGrocerynGourmetFoods</span>
                <span class="method-start">68987 ms</span>
              </div> <!-- test-method -->
              <div class="configuration-method after">
                <span class="method-name">afterMethod</span>
                <span class="method-start">68990 ms</span>
              </div> <!-- configuration-method after -->
              <div class="configuration-class after">
                <span class="method-name">afterClass</span>
                <span class="method-start">68991 ms</span>
              </div> <!-- configuration-class after -->
              <div class="configuration-test after">
                <span class="method-name">afterTest</span>
                <span class="method-start">68992 ms</span>
              </div> <!-- configuration-test after -->
              <div class="configuration-test before">
                <span class="method-name">launchBrowser(opera)</span>
                <span class="method-start">69112 ms</span>
              </div> <!-- configuration-test before -->
              <div class="configuration-class before">
                <span class="method-name">createPOMObjects</span>
                <span class="method-start">111706 ms</span>
              </div> <!-- configuration-class before -->
            </div> <!-- chronological-class -->
            <div class="chronological-class">
              <div class="chronological-class-name">AmazonTest.TestNG1LoginPageAmzn</div> <!-- chronological-class-name -->
              <div class="configuration-class before">
                <span class="method-name">launchBrowser</span>
                <span class="method-start">111706 ms</span>
              </div> <!-- configuration-class before -->
            </div> <!-- chronological-class -->
            <div class="chronological-class">
              <div class="chronological-class-name">AmazonTest.TestNG2ApplicationHeaderAmzn</div> <!-- chronological-class-name -->
              <div class="configuration-method before">
                <span class="method-name">launchLoginPage</span>
                <span class="method-start">111708 ms</span>
              </div> <!-- configuration-method before -->
            </div> <!-- chronological-class -->
            <div class="chronological-class">
              <div class="chronological-class-name">AmazonTest.TestNG1LoginPageAmzn</div> <!-- chronological-class-name -->
              <div class="configuration-method before">
                <img src="failed.png">
                </img>
                <span class="method-name">launchLoginPage</span>
                <span class="method-start">118351 ms</span>
              </div> <!-- configuration-method before -->
              <div class="test-method">
                <span class="method-name">toVerifyLoginPage</span>
                <span class="method-start">122889 ms</span>
              </div> <!-- test-method -->
              <div class="configuration-method after">
                <span class="method-name">afterMethod</span>
                <span class="method-start">122895 ms</span>
              </div> <!-- configuration-method after -->
              <div class="configuration-class after">
                <span class="method-name">afterClass</span>
                <span class="method-start">122900 ms</span>
              </div> <!-- configuration-class after -->
            </div> <!-- chronological-class -->
            <div class="chronological-class">
              <div class="chronological-class-name">AmazonTest.TestNG2ApplicationHeaderAmzn</div> <!-- chronological-class-name -->
              <div class="test-method">
                <img src="failed.png">
                </img>
                <span class="method-name">toVerifyAmazonPayButton</span>
                <span class="method-start">158313 ms</span>
              </div> <!-- test-method -->
              <div class="configuration-method after">
                <img src="failed.png">
                </img>
                <span class="method-name">afterMethod([TestResult name=toVerifyAmazonPayButton status=FAILURE method=TestNG2ApplicationHeaderAmzn.toVerify...)</span>
                <span class="method-start">168400 ms</span>
              </div> <!-- configuration-method after -->
              <div class="configuration-method before">
                <span class="method-name">launchLoginPage</span>
                <span class="method-start">169429 ms</span>
              </div> <!-- configuration-method before -->
              <div class="test-method">
                <span class="method-name">toVerifyBuyAgainButton</span>
                <span class="method-start">169430 ms</span>
              </div> <!-- test-method -->
              <div class="configuration-method after">
                <span class="method-name">afterMethod</span>
                <span class="method-start">169432 ms</span>
              </div> <!-- configuration-method after -->
              <div class="configuration-method before">
                <span class="method-name">launchLoginPage</span>
                <span class="method-start">169433 ms</span>
              </div> <!-- configuration-method before -->
              <div class="test-method">
                <span class="method-name">toVerifyGiftCardButton</span>
                <span class="method-start">169434 ms</span>
              </div> <!-- test-method -->
              <div class="configuration-method after">
                <span class="method-name">afterMethod</span>
                <span class="method-start">169436 ms</span>
              </div> <!-- configuration-method after -->
              <div class="configuration-method before">
                <span class="method-name">launchLoginPage</span>
                <span class="method-start">169437 ms</span>
              </div> <!-- configuration-method before -->
              <div class="test-method">
                <span class="method-name">toVerifyGrocerynGourmetFoods</span>
                <span class="method-start">169438 ms</span>
              </div> <!-- test-method -->
              <div class="configuration-method after">
                <span class="method-name">afterMethod</span>
                <span class="method-start">169439 ms</span>
              </div> <!-- configuration-method after -->
              <div class="configuration-class after">
                <span class="method-name">afterClass</span>
                <span class="method-start">169440 ms</span>
              </div> <!-- configuration-class after -->
              <div class="configuration-test after">
                <span class="method-name">afterTest</span>
                <span class="method-start">169441 ms</span>
              </div> <!-- configuration-test after -->
          </div> <!-- main-panel-content rounded-window-bottom -->
        </div> <!-- panel -->
      </div> <!-- main-panel-root -->
    </div> <!-- wrapper -->
  </body>
<script type="text/javascript" src="testng-reports2.js"></script>
</html>
